This is pdfTeX, Version 3.141592653-2.6-1.40.23 (TeX Live 2021/Arch Linux) (preloaded format=pdflatex 2022.1.12)  10 MAR 2022 16:34
entering extended mode
 restricted \write18 enabled.
 %&-line parsing enabled.
**1-intro.tex
(./1-intro.tex
LaTeX2e <2021-11-15> patch level 1
L3 programming layer <2021-11-22>
! Undefined control sequence.
l.2 \section
            {–í–≤–µ–¥–µ–Ω–∏–µ}
The control sequence at the end of the top line
of your error message was never \def'ed. If you have
misspelled it (e.g., `\hobx'), type `I' and the correct
spelling (e.g., `I\hbox'). Otherwise just continue,
and I'll forget about whatever was undefined.


! LaTeX Error: Unicode character –í (U+0412)
               not set up for use with LaTeX.

See the LaTeX manual or LaTeX Companion for explanation.
Type  H <return>  for immediate help.
 ...                                              
                                                  
l.2 \section{–í
               –≤–µ–¥–µ–Ω–∏–µ}
You may provide a definition with
\DeclareUnicodeCharacter 


! LaTeX Error: Unicode character –≤ (U+0432)
               not set up for use with LaTeX.

See the LaTeX manual or LaTeX Companion for explanation.
Type  H <return>  for immediate help.
 ...                                              
                                                  
l.2 \section{–í–≤
                 –µ–¥–µ–Ω–∏–µ}
You may provide a definition with
\DeclareUnicodeCharacter 


! LaTeX Error: Unicode character –µ (U+0435)
               not set up for use with LaTeX.

See the LaTeX manual or LaTeX Companion for explanation.
Type  H <return>  for immediate help.
 ...                                              
                                                  
l.2 \section{–í–≤–µ
                   –¥–µ–Ω–∏–µ}
You may provide a definition with
\DeclareUnicodeCharacter 


! LaTeX Error: Unicode character –¥ (U+0434)
               not set up for use with LaTeX.

See the LaTeX manual or LaTeX Companion for explanation.
Type  H <return>  for immediate help.
 ...                                              
                                                  
l.2 \section{–í–≤–µ–¥
                     –µ–Ω–∏–µ}
You may provide a definition with
\DeclareUnicodeCharacter 


! LaTeX Error: Unicode character –µ (U+0435)
               not set up for use with LaTeX.

See the LaTeX manual or LaTeX Companion for explanation.
Type  H <return>  for immediate help.
 ...                                              
                                                  
l.2 \section{–í–≤–µ–¥–µ
                       –Ω–∏–µ}
You may provide a definition with
\DeclareUnicodeCharacter 


! LaTeX Error: Unicode character –Ω (U+043D)
               not set up for use with LaTeX.

See the LaTeX manual or LaTeX Companion for explanation.
Type  H <return>  for immediate help.
 ...                                              
                                                  
l.2 \section{–í–≤–µ–¥–µ–Ω
                         –∏–µ}
You may provide a definition with
\DeclareUnicodeCharacter 


! LaTeX Error: Unicode character –∏ (U+0438)
               not set up for use with LaTeX.

See the LaTeX manual or LaTeX Companion for explanation.
Type  H <return>  for immediate help.
 ...                                              
                                                  
l.2 \section{–í–≤–µ–¥–µ–Ω–∏
                           –µ}
You may provide a definition with
\DeclareUnicodeCharacter 


! LaTeX Error: Unicode character –µ (U+0435)
               not set up for use with LaTeX.

See the LaTeX manual or LaTeX Companion for explanation.
Type  H <return>  for immediate help.
 ...                                              
                                                  
l.2 \section{–í–≤–µ–¥–µ–Ω–∏–µ
                             }
You may provide a definition with
\DeclareUnicodeCharacter 


! LaTeX Error: Unicode character –ö (U+041A)
               not set up for use with LaTeX.

See the LaTeX manual or LaTeX Companion for explanation.
Type  H <return>  for immediate help.
 ...                                              
                                                  
l.4 –ö
      —Ä–∏–ø—Ç–æ—Å–∏—Å—Ç–µ–º–∞ –ú–∞–∫-–≠–ª–∏—Å–∞ "--- –æ–¥–Ω–∞ –∏–∑ —Å—Ç–∞—Ä...

You may provide a definition with
\DeclareUnicodeCharacter 


! LaTeX Error: Unicode character —Ä (U+0440)
               not set up for use with LaTeX.

See the LaTeX manual or LaTeX Companion for explanation.
Type  H <return>  for immediate help.
 ...                                              
                                                  
l.4 –ö—Ä
        –∏–ø—Ç–æ—Å–∏—Å—Ç–µ–º–∞ –ú–∞–∫-–≠–ª–∏—Å–∞ "--- –æ–¥–Ω–∞ –∏–∑ —Å—Ç–∞—Ä...

You may provide a definition with
\DeclareUnicodeCharacter 


! LaTeX Error: Unicode character –∏ (U+0438)
               not set up for use with LaTeX.

See the LaTeX manual or LaTeX Companion for explanation.
Type  H <return>  for immediate help.
 ...                                              
                                                  
l.4 –ö—Ä–∏
          –ø—Ç–æ—Å–∏—Å—Ç–µ–º–∞ –ú–∞–∫-–≠–ª–∏—Å–∞ "--- –æ–¥–Ω–∞ –∏–∑ —Å—Ç–∞—Ä...

You may provide a definition with
\DeclareUnicodeCharacter 


! LaTeX Error: Unicode character –ø (U+043F)
               not set up for use with LaTeX.

See the LaTeX manual or LaTeX Companion for explanation.
Type  H <return>  for immediate help.
 ...                                              
                                                  
l.4 –ö—Ä–∏–ø
            —Ç–æ—Å–∏—Å—Ç–µ–º–∞ –ú–∞–∫-–≠–ª–∏—Å–∞ "--- –æ–¥–Ω–∞ –∏–∑ —Å—Ç–∞—Ä...

You may provide a definition with
\DeclareUnicodeCharacter 


! LaTeX Error: Unicode character —Ç (U+0442)
               not set up for use with LaTeX.

See the LaTeX manual or LaTeX Companion for explanation.
Type  H <return>  for immediate help.
 ...                                              
                                                  
l.4 –ö—Ä–∏–ø—Ç
              –æ—Å–∏—Å—Ç–µ–º–∞ –ú–∞–∫-–≠–ª–∏—Å–∞ "--- –æ–¥–Ω–∞ –∏–∑ —Å—Ç–∞—Ä...

You may provide a definition with
\DeclareUnicodeCharacter 


! LaTeX Error: Unicode character –æ (U+043E)
               not set up for use with LaTeX.

See the LaTeX manual or LaTeX Companion for explanation.
Type  H <return>  for immediate help.
 ...                                              
                                                  
l.4 –ö—Ä–∏–ø—Ç–æ
                —Å–∏—Å—Ç–µ–º–∞ –ú–∞–∫-–≠–ª–∏—Å–∞ "--- –æ–¥–Ω–∞ –∏–∑ —Å—Ç–∞—Ä...

You may provide a definition with
\DeclareUnicodeCharacter 


! LaTeX Error: Unicode character —Å (U+0441)
               not set up for use with LaTeX.

See the LaTeX manual or LaTeX Companion for explanation.
Type  H <return>  for immediate help.
 ...                                              
                                                  
l.4 –ö—Ä–∏–ø—Ç–æ—Å
                  –∏—Å—Ç–µ–º–∞ –ú–∞–∫-–≠–ª–∏—Å–∞ "--- –æ–¥–Ω–∞ –∏–∑ —Å—Ç–∞—Ä...

You may provide a definition with
\DeclareUnicodeCharacter 


! LaTeX Error: Unicode character –∏ (U+0438)
               not set up for use with LaTeX.

See the LaTeX manual or LaTeX Companion for explanation.
Type  H <return>  for immediate help.
 ...                                              
                                                  
l.4 –ö—Ä–∏–ø—Ç–æ—Å–∏
                    —Å—Ç–µ–º–∞ –ú–∞–∫-–≠–ª–∏—Å–∞ "--- –æ–¥–Ω–∞ –∏–∑ —Å—Ç–∞—Ä...

You may provide a definition with
\DeclareUnicodeCharacter 


! LaTeX Error: Unicode character —Å (U+0441)
               not set up for use with LaTeX.

See the LaTeX manual or LaTeX Companion for explanation.
Type  H <return>  for immediate help.
 ...                                              
                                                  
l.4 –ö—Ä–∏–ø—Ç–æ—Å–∏—Å
                      —Ç–µ–º–∞ –ú–∞–∫-–≠–ª–∏—Å–∞ "--- –æ–¥–Ω–∞ –∏–∑ —Å—Ç–∞—Ä...

You may provide a definition with
\DeclareUnicodeCharacter 


! LaTeX Error: Unicode character —Ç (U+0442)
               not set up for use with LaTeX.

See the LaTeX manual or LaTeX Companion for explanation.
Type  H <return>  for immediate help.
 ...                                              
                                                  
l.4 –ö—Ä–∏–ø—Ç–æ—Å–∏—Å—Ç
                        –µ–º–∞ –ú–∞–∫-–≠–ª–∏—Å–∞ "--- –æ–¥–Ω–∞ –∏–∑ —Å—Ç–∞—Ä...

You may provide a definition with
\DeclareUnicodeCharacter 


! LaTeX Error: Unicode character –µ (U+0435)
               not set up for use with LaTeX.

See the LaTeX manual or LaTeX Companion for explanation.
Type  H <return>  for immediate help.
 ...                                              
                                                  
l.4 –ö—Ä–∏–ø—Ç–æ—Å–∏—Å—Ç–µ
                          –º–∞ –ú–∞–∫-–≠–ª–∏—Å–∞ "--- –æ–¥–Ω–∞ –∏–∑ —Å—Ç–∞—Ä...

You may provide a definition with
\DeclareUnicodeCharacter 


! LaTeX Error: Unicode character –º (U+043C)
               not set up for use with LaTeX.

See the LaTeX manual or LaTeX Companion for explanation.
Type  H <return>  for immediate help.
 ...                                              
                                                  
l.4 –ö—Ä–∏–ø—Ç–æ—Å–∏—Å—Ç–µ–º
                            –∞ –ú–∞–∫-–≠–ª–∏—Å–∞ "--- –æ–¥–Ω–∞ –∏–∑ —Å—Ç–∞—Ä...

You may provide a definition with
\DeclareUnicodeCharacter 


! LaTeX Error: Unicode character –∞ (U+0430)
               not set up for use with LaTeX.

See the LaTeX manual or LaTeX Companion for explanation.
Type  H <return>  for immediate help.
 ...                                              
                                                  
l.4 –ö—Ä–∏–ø—Ç–æ—Å–∏—Å—Ç–µ–º–∞
                               –ú–∞–∫-–≠–ª–∏—Å–∞ "--- –æ–¥–Ω–∞ –∏–∑ —Å—Ç–∞—Ä...

You may provide a definition with
\DeclareUnicodeCharacter 


! LaTeX Error: Unicode character –ú (U+041C)
               not set up for use with LaTeX.

See the LaTeX manual or LaTeX Companion for explanation.
Type  H <return>  for immediate help.
 ...                                              
                                                  
l.4 –ö—Ä–∏–ø—Ç–æ—Å–∏—Å—Ç–µ–º–∞ –ú
                                 –∞–∫-–≠–ª–∏—Å–∞ "--- –æ–¥–Ω–∞ –∏–∑ —Å—Ç–∞—Ä...

You may provide a definition with
\DeclareUnicodeCharacter 


! LaTeX Error: Unicode character –∞ (U+0430)
               not set up for use with LaTeX.

See the LaTeX manual or LaTeX Companion for explanation.
Type  H <return>  for immediate help.
 ...                                              
                                                  
l.4 –ö—Ä–∏–ø—Ç–æ—Å–∏—Å—Ç–µ–º–∞ –ú–∞
                                   –∫-–≠–ª–∏—Å–∞ "--- –æ–¥–Ω–∞ –∏–∑ —Å—Ç–∞—Ä...

You may provide a definition with
\DeclareUnicodeCharacter 


! LaTeX Error: Unicode character –∫ (U+043A)
               not set up for use with LaTeX.

See the LaTeX manual or LaTeX Companion for explanation.
Type  H <return>  for immediate help.
 ...                                              
                                                  
l.4 –ö—Ä–∏–ø—Ç–æ—Å–∏—Å—Ç–µ–º–∞ –ú–∞–∫
                                     -–≠–ª–∏—Å–∞ "--- –æ–¥–Ω–∞ –∏–∑ —Å—Ç–∞—Ä...

You may provide a definition with
\DeclareUnicodeCharacter 


! LaTeX Error: Missing \begin{document}.

See the LaTeX manual or LaTeX Companion for explanation.
Type  H <return>  for immediate help.
 ...                                              
                                                  
l.4 –ö—Ä–∏–ø—Ç–æ—Å–∏—Å—Ç–µ–º–∞ –ú–∞–∫-
                                      –≠–ª–∏—Å–∞ "--- –æ–¥–Ω–∞ –∏–∑ —Å—Ç–∞—Ä...

You're in trouble here.  Try typing  <return>  to proceed.
If that doesn't work, type  X <return>  to quit.

Missing character: There is no - in font nullfont!

! LaTeX Error: Unicode character –≠ (U+042D)
               not set up for use with LaTeX.

See the LaTeX manual or LaTeX Companion for explanation.
Type  H <return>  for immediate help.
 ...                                              
                                                  
l.4 –ö—Ä–∏–ø—Ç–æ—Å–∏—Å—Ç–µ–º–∞ –ú–∞–∫-–≠
                                        –ª–∏—Å–∞ "--- –æ–¥–Ω–∞ –∏–∑ —Å—Ç–∞—Ä...

You may provide a definition with
\DeclareUnicodeCharacter 


! LaTeX Error: Unicode character –ª (U+043B)
               not set up for use with LaTeX.

See the LaTeX manual or LaTeX Companion for explanation.
Type  H <return>  for immediate help.
 ...                                              
                                                  
l.4 –ö—Ä–∏–ø—Ç–æ—Å–∏—Å—Ç–µ–º–∞ –ú–∞–∫-–≠–ª
                                          –∏—Å–∞ "--- –æ–¥–Ω–∞ –∏–∑ —Å—Ç–∞—Ä...

You may provide a definition with
\DeclareUnicodeCharacter 


! LaTeX Error: Unicode character –∏ (U+0438)
               not set up for use with LaTeX.

See the LaTeX manual or LaTeX Companion for explanation.
Type  H <return>  for immediate help.
 ...                                              
                                                  
l.4 –ö—Ä–∏–ø—Ç–æ—Å–∏—Å—Ç–µ–º–∞ –ú–∞–∫-–≠–ª–∏
                                            —Å–∞ "--- –æ–¥–Ω–∞ –∏–∑ —Å—Ç–∞—Ä...

You may provide a definition with
\DeclareUnicodeCharacter 


! LaTeX Error: Unicode character —Å (U+0441)
               not set up for use with LaTeX.

See the LaTeX manual or LaTeX Companion for explanation.
Type  H <return>  for immediate help.
 ...                                              
                                                  
l.4 –ö—Ä–∏–ø—Ç–æ—Å–∏—Å—Ç–µ–º–∞ –ú–∞–∫-–≠–ª–∏—Å
                                              –∞ "--- –æ–¥–Ω–∞ –∏–∑ —Å—Ç–∞—Ä...

You may provide a definition with
\DeclareUnicodeCharacter 


! LaTeX Error: Unicode character –∞ (U+0430)
               not set up for use with LaTeX.

See the LaTeX manual or LaTeX Companion for explanation.
Type  H <return>  for immediate help.
 ...                                              
                                                  
l.4 –ö—Ä–∏–ø—Ç–æ—Å–∏—Å—Ç–µ–º–∞ –ú–∞–∫-–≠–ª–∏—Å–∞
                                                 "--- –æ–¥–Ω–∞ –∏–∑ —Å—Ç–∞—Ä...

You may provide a definition with
\DeclareUnicodeCharacter 

Missing character: There is no " in font nullfont!
Missing character: There is no - in font nullfont!
Missing character: There is no - in font nullfont!
Missing character: There is no - in font nullfont!

! LaTeX Error: Unicode character –æ (U+043E)
               not set up for use with LaTeX.

See the LaTeX manual or LaTeX Companion for explanation.
Type  H <return>  for immediate help.
 ...                                              
                                                  
l.4 ...Ç–æ—Å–∏—Å—Ç–µ–º–∞ –ú–∞–∫-–≠–ª–∏—Å–∞ "--- –æ
                                                  –¥–Ω–∞ –∏–∑ —Å—Ç–∞—Ä–µ–π—à...

You may provide a definition with
\DeclareUnicodeCharacter 


! LaTeX Error: Unicode character –¥ (U+0434)
               not set up for use with LaTeX.

See the LaTeX manual or LaTeX Companion for explanation.
Type  H <return>  for immediate help.
 ...                                              
                                                  
l.4 ...æ—Å–∏—Å—Ç–µ–º–∞ –ú–∞–∫-–≠–ª–∏—Å–∞ "--- –æ–¥
                                                  –Ω–∞ –∏–∑ —Å—Ç–∞—Ä–µ–π—à–∏...

You may provide a definition with
\DeclareUnicodeCharacter 


! LaTeX Error: Unicode character –Ω (U+043D)
               not set up for use with LaTeX.

See the LaTeX manual or LaTeX Companion for explanation.
Type  H <return>  for immediate help.
 ...                                              
                                                  
l.4 ...Å–∏—Å—Ç–µ–º–∞ –ú–∞–∫-–≠–ª–∏—Å–∞ "--- –æ–¥–Ω
                                                  –∞ –∏–∑ —Å—Ç–∞—Ä–µ–π—à–∏—Ö...

You may provide a definition with
\DeclareUnicodeCharacter 


! LaTeX Error: Unicode character –∞ (U+0430)
               not set up for use with LaTeX.

See the LaTeX manual or LaTeX Companion for explanation.
Type  H <return>  for immediate help.
 ...                                              
                                                  
l.4 ...∏—Å—Ç–µ–º–∞ –ú–∞–∫-–≠–ª–∏—Å–∞ "--- –æ–¥–Ω–∞
                                                   –∏–∑ —Å—Ç–∞—Ä–µ–π—à–∏—Ö –...

You may provide a definition with
\DeclareUnicodeCharacter 


! LaTeX Error: Unicode character –∏ (U+0438)
               not set up for use with LaTeX.

See the LaTeX manual or LaTeX Companion for explanation.
Type  H <return>  for immediate help.
 ...                                              
                                                  
l.4 ...—Ç–µ–º–∞ –ú–∞–∫-–≠–ª–∏—Å–∞ "--- –æ–¥–Ω–∞ –∏
                                                  –∑ —Å—Ç–∞—Ä–µ–π—à–∏—Ö –∫—Ä...

You may provide a definition with
\DeclareUnicodeCharacter 


! LaTeX Error: Unicode character –∑ (U+0437)
               not set up for use with LaTeX.

See the LaTeX manual or LaTeX Companion for explanation.
Type  H <return>  for immediate help.
 ...                                              
                                                  
l.4 ...–µ–º–∞ –ú–∞–∫-–≠–ª–∏—Å–∞ "--- –æ–¥–Ω–∞ –∏–∑
                                                   —Å—Ç–∞—Ä–µ–π—à–∏—Ö –∫—Ä–∏...

You may provide a definition with
\DeclareUnicodeCharacter 


! LaTeX Error: Unicode character —Å (U+0441)
               not set up for use with LaTeX.

See the LaTeX manual or LaTeX Companion for explanation.
Type  H <return>  for immediate help.
 ...                                              
                                                  
l.4 ...º–∞ –ú–∞–∫-–≠–ª–∏—Å–∞ "--- –æ–¥–Ω–∞ –∏–∑ —Å
                                                  —Ç–∞—Ä–µ–π—à–∏—Ö –∫—Ä–∏–ø—...

You may provide a definition with
\DeclareUnicodeCharacter 


! LaTeX Error: Unicode character —Ç (U+0442)
               not set up for use with LaTeX.

See the LaTeX manual or LaTeX Companion for explanation.
Type  H <return>  for immediate help.
 ...                                              
                                                  
l.4 ...∞ –ú–∞–∫-–≠–ª–∏—Å–∞ "--- –æ–¥–Ω–∞ –∏–∑ —Å—Ç
                                                  –∞—Ä–µ–π—à–∏—Ö –∫—Ä–∏–ø—Ç–...

You may provide a definition with
\DeclareUnicodeCharacter 


! LaTeX Error: Unicode character –∞ (U+0430)
               not set up for use with LaTeX.

See the LaTeX manual or LaTeX Companion for explanation.
Type  H <return>  for immediate help.
 ...                                              
                                                  
l.4 ...–ú–∞–∫-–≠–ª–∏—Å–∞ "--- –æ–¥–Ω–∞ –∏–∑ —Å—Ç–∞
                                                  —Ä–µ–π—à–∏—Ö –∫—Ä–∏–ø—Ç–æ—...

You may provide a definition with
\DeclareUnicodeCharacter 


! LaTeX Error: Unicode character —Ä (U+0440)
               not set up for use with LaTeX.

See the LaTeX manual or LaTeX Companion for explanation.
Type  H <return>  for immediate help.
 ...                                              
                                                  
l.4 ...–∞–∫-–≠–ª–∏—Å–∞ "--- –æ–¥–Ω–∞ –∏–∑ —Å—Ç–∞—Ä
                                                  –µ–π—à–∏—Ö –∫—Ä–∏–ø—Ç–æ—Å–...

You may provide a definition with
\DeclareUnicodeCharacter 


! LaTeX Error: Unicode character –µ (U+0435)
               not set up for use with LaTeX.

See the LaTeX manual or LaTeX Companion for explanation.
Type  H <return>  for immediate help.
 ...                                              
                                                  
l.4 ...–∫-–≠–ª–∏—Å–∞ "--- –æ–¥–Ω–∞ –∏–∑ —Å—Ç–∞—Ä–µ
                                                  –π—à–∏—Ö –∫—Ä–∏–ø—Ç–æ—Å–∏—...

You may provide a definition with
\DeclareUnicodeCharacter 


! LaTeX Error: Unicode character –π (U+0439)
               not set up for use with LaTeX.

See the LaTeX manual or LaTeX Companion for explanation.
Type  H <return>  for immediate help.
 ...                                              
                                                  
l.4 ...-–≠–ª–∏—Å–∞ "--- –æ–¥–Ω–∞ –∏–∑ —Å—Ç–∞—Ä–µ–π
                                                  —à–∏—Ö –∫—Ä–∏–ø—Ç–æ—Å–∏—Å—...

You may provide a definition with
\DeclareUnicodeCharacter 


! LaTeX Error: Unicode character —à (U+0448)
               not set up for use with LaTeX.

See the LaTeX manual or LaTeX Companion for explanation.
Type  H <return>  for immediate help.
 ...                                              
                                                  
l.4 ...≠–ª–∏—Å–∞ "--- –æ–¥–Ω–∞ –∏–∑ —Å—Ç–∞—Ä–µ–π—à
                                                  –∏—Ö –∫—Ä–∏–ø—Ç–æ—Å–∏—Å—Ç–...

You may provide a definition with
\DeclareUnicodeCharacter 


! LaTeX Error: Unicode character –∏ (U+0438)
               not set up for use with LaTeX.

See the LaTeX manual or LaTeX Companion for explanation.
Type  H <return>  for immediate help.
 ...                                              
                                                  
l.4 ...ª–∏—Å–∞ "--- –æ–¥–Ω–∞ –∏–∑ —Å—Ç–∞—Ä–µ–π—à–∏
                                                  —Ö –∫—Ä–∏–ø—Ç–æ—Å–∏—Å—Ç–µ–...

You may provide a definition with
\DeclareUnicodeCharacter 


! LaTeX Error: Unicode character —Ö (U+0445)
               not set up for use with LaTeX.

See the LaTeX manual or LaTeX Companion for explanation.
Type  H <return>  for immediate help.
 ...                                              
                                                  
l.4 ...∏—Å–∞ "--- –æ–¥–Ω–∞ –∏–∑ —Å—Ç–∞—Ä–µ–π—à–∏—Ö
                                                   –∫—Ä–∏–ø—Ç–æ—Å–∏—Å—Ç–µ–º ...

You may provide a definition with
\DeclareUnicodeCharacter 


! LaTeX Error: Unicode character –∫ (U+043A)
               not set up for use with LaTeX.

See the LaTeX manual or LaTeX Companion for explanation.
Type  H <return>  for immediate help.
 ...                                              
                                                  
l.4 ...–∞ "--- –æ–¥–Ω–∞ –∏–∑ —Å—Ç–∞—Ä–µ–π—à–∏—Ö –∫
                                                  —Ä–∏–ø—Ç–æ—Å–∏—Å—Ç–µ–º —Å ...

You may provide a definition with
\DeclareUnicodeCharacter 


! LaTeX Error: Unicode character —Ä (U+0440)
               not set up for use with LaTeX.

See the LaTeX manual or LaTeX Companion for explanation.
Type  H <return>  for immediate help.
 ...                                              
                                                  
l.4 ... "--- –æ–¥–Ω–∞ –∏–∑ —Å—Ç–∞—Ä–µ–π—à–∏—Ö –∫—Ä
                                                  –∏–ø—Ç–æ—Å–∏—Å—Ç–µ–º —Å –æ...

You may provide a definition with
\DeclareUnicodeCharacter 


! LaTeX Error: Unicode character –∏ (U+0438)
               not set up for use with LaTeX.

See the LaTeX manual or LaTeX Companion for explanation.
Type  H <return>  for immediate help.
 ...                                              
                                                  
l.4 ...--- –æ–¥–Ω–∞ –∏–∑ —Å—Ç–∞—Ä–µ–π—à–∏—Ö –∫—Ä–∏
                                                  –ø—Ç–æ—Å–∏—Å—Ç–µ–º —Å –æ—Ç...

You may provide a definition with
\DeclareUnicodeCharacter 


! LaTeX Error: Unicode character –ø (U+043F)
               not set up for use with LaTeX.

See the LaTeX manual or LaTeX Companion for explanation.
Type  H <return>  for immediate help.
 ...                                              
                                                  
l.4 ...- –æ–¥–Ω–∞ –∏–∑ —Å—Ç–∞—Ä–µ–π—à–∏—Ö –∫—Ä–∏–ø
                                                  —Ç–æ—Å–∏—Å—Ç–µ–º —Å –æ—Ç–∫...

You may provide a definition with
\DeclareUnicodeCharacter 


! LaTeX Error: Unicode character —Ç (U+0442)
               not set up for use with LaTeX.

See the LaTeX manual or LaTeX Companion for explanation.
Type  H <return>  for immediate help.
 ...                                              
                                                  
l.4 ...–æ–¥–Ω–∞ –∏–∑ —Å—Ç–∞—Ä–µ–π—à–∏—Ö –∫—Ä–∏–ø—Ç
                                                  –æ—Å–∏—Å—Ç–µ–º —Å –æ—Ç–∫—Ä...

You may provide a definition with
\DeclareUnicodeCharacter 


! LaTeX Error: Unicode character –æ (U+043E)
               not set up for use with LaTeX.

See the LaTeX manual or LaTeX Companion for explanation.
Type  H <return>  for immediate help.
 ...                                              
                                                  
l.4 ...–¥–Ω–∞ –∏–∑ —Å—Ç–∞—Ä–µ–π—à–∏—Ö –∫—Ä–∏–ø—Ç–æ
                                                  —Å–∏—Å—Ç–µ–º —Å –æ—Ç–∫—Ä—ã...

You may provide a definition with
\DeclareUnicodeCharacter 


! LaTeX Error: Unicode character —Å (U+0441)
               not set up for use with LaTeX.

See the LaTeX manual or LaTeX Companion for explanation.
Type  H <return>  for immediate help.
 ...                                              
                                                  
l.4 ...–Ω–∞ –∏–∑ —Å—Ç–∞—Ä–µ–π—à–∏—Ö –∫—Ä–∏–ø—Ç–æ—Å
                                                  –∏—Å—Ç–µ–º —Å –æ—Ç–∫—Ä—ã—Ç...

You may provide a definition with
\DeclareUnicodeCharacter 


! LaTeX Error: Unicode character –∏ (U+0438)
               not set up for use with LaTeX.

See the LaTeX manual or LaTeX Companion for explanation.
Type  H <return>  for immediate help.
 ...                                              
                                                  
l.4 ...–∞ –∏–∑ —Å—Ç–∞—Ä–µ–π—à–∏—Ö –∫—Ä–∏–ø—Ç–æ—Å–∏
                                                  —Å—Ç–µ–º —Å –æ—Ç–∫—Ä—ã—Ç—ã...

You may provide a definition with
\DeclareUnicodeCharacter 


! LaTeX Error: Unicode character —Å (U+0441)
               not set up for use with LaTeX.

See the LaTeX manual or LaTeX Companion for explanation.
Type  H <return>  for immediate help.
 ...                                              
                                                  
l.4 ... –∏–∑ —Å—Ç–∞—Ä–µ–π—à–∏—Ö –∫—Ä–∏–ø—Ç–æ—Å–∏—Å
                                                  —Ç–µ–º —Å –æ—Ç–∫—Ä—ã—Ç—ã–º...

You may provide a definition with
\DeclareUnicodeCharacter 


! LaTeX Error: Unicode character —Ç (U+0442)
               not set up for use with LaTeX.

See the LaTeX manual or LaTeX Companion for explanation.
Type  H <return>  for immediate help.
 ...                                              
                                                  
l.4 ...∏–∑ —Å—Ç–∞—Ä–µ–π—à–∏—Ö –∫—Ä–∏–ø—Ç–æ—Å–∏—Å—Ç
                                                  –µ–º —Å –æ—Ç–∫—Ä—ã—Ç—ã–º –...

You may provide a definition with
\DeclareUnicodeCharacter 


! LaTeX Error: Unicode character –µ (U+0435)
               not set up for use with LaTeX.

See the LaTeX manual or LaTeX Companion for explanation.
Type  H <return>  for immediate help.
 ...                                              
                                                  
l.4 ...∑ —Å—Ç–∞—Ä–µ–π—à–∏—Ö –∫—Ä–∏–ø—Ç–æ—Å–∏—Å—Ç–µ
                                                  –º —Å –æ—Ç–∫—Ä—ã—Ç—ã–º –∫–...

You may provide a definition with
\DeclareUnicodeCharacter 


! LaTeX Error: Unicode character –º (U+043C)
               not set up for use with LaTeX.

See the LaTeX manual or LaTeX Companion for explanation.
Type  H <return>  for immediate help.
 ...                                              
                                                  
l.4 ...—Å—Ç–∞—Ä–µ–π—à–∏—Ö –∫—Ä–∏–ø—Ç–æ—Å–∏—Å—Ç–µ–º
                                                   —Å –æ—Ç–∫—Ä—ã—Ç—ã–º –∫–ª—...

You may provide a definition with
\DeclareUnicodeCharacter 


! LaTeX Error: Unicode character —Å (U+0441)
               not set up for use with LaTeX.

See the LaTeX manual or LaTeX Companion for explanation.
Type  H <return>  for immediate help.
 ...                                              
                                                  
l.4 ...Ç–∞—Ä–µ–π—à–∏—Ö –∫—Ä–∏–ø—Ç–æ—Å–∏—Å—Ç–µ–º —Å
                                                   –æ—Ç–∫—Ä—ã—Ç—ã–º –∫–ª—é—á...

You may provide a definition with
\DeclareUnicodeCharacter 


! LaTeX Error: Unicode character –æ (U+043E)
               not set up for use with LaTeX.

See the LaTeX manual or LaTeX Companion for explanation.
Type  H <return>  for immediate help.
 ...                                              
                                                  
l.4 ...—Ä–µ–π—à–∏—Ö –∫—Ä–∏–ø—Ç–æ—Å–∏—Å—Ç–µ–º —Å –æ
                                                  —Ç–∫—Ä—ã—Ç—ã–º –∫–ª—é—á–æ–...

You may provide a definition with
\DeclareUnicodeCharacter 


! LaTeX Error: Unicode character —Ç (U+0442)
               not set up for use with LaTeX.

See the LaTeX manual or LaTeX Companion for explanation.
Type  H <return>  for immediate help.
 ...                                              
                                                  
l.4 ...–µ–π—à–∏—Ö –∫—Ä–∏–ø—Ç–æ—Å–∏—Å—Ç–µ–º —Å –æ—Ç
                                                  –∫—Ä—ã—Ç—ã–º –∫–ª—é—á–æ–º....

You may provide a definition with
\DeclareUnicodeCharacter 


! LaTeX Error: Unicode character –∫ (U+043A)
               not set up for use with LaTeX.

See the LaTeX manual or LaTeX Companion for explanation.
Type  H <return>  for immediate help.
 ...                                              
                                                  
l.4 ...–π—à–∏—Ö –∫—Ä–∏–ø—Ç–æ—Å–∏—Å—Ç–µ–º —Å –æ—Ç–∫
                                                  —Ä—ã—Ç—ã–º –∫–ª—é—á–æ–º. –...

You may provide a definition with
\DeclareUnicodeCharacter 


! LaTeX Error: Unicode character —Ä (U+0440)
               not set up for use with LaTeX.

See the LaTeX manual or LaTeX Companion for explanation.
Type  H <return>  for immediate help.
 ...                                              
                                                  
l.4 ...—à–∏—Ö –∫—Ä–∏–ø—Ç–æ—Å–∏—Å—Ç–µ–º —Å –æ—Ç–∫—Ä
                                                  —ã—Ç—ã–º –∫–ª—é—á–æ–º. –û–...

You may provide a definition with
\DeclareUnicodeCharacter 


! LaTeX Error: Unicode character —ã (U+044B)
               not set up for use with LaTeX.

See the LaTeX manual or LaTeX Companion for explanation.
Type  H <return>  for immediate help.
 ...                                              
                                                  
l.4 ...–∏—Ö –∫—Ä–∏–ø—Ç–æ—Å–∏—Å—Ç–µ–º —Å –æ—Ç–∫—Ä—ã
                                                  —Ç—ã–º –∫–ª—é—á–æ–º. –û–Ω–...

You may provide a definition with
\DeclareUnicodeCharacter 


! LaTeX Error: Unicode character —Ç (U+0442)
               not set up for use with LaTeX.

See the LaTeX manual or LaTeX Companion for explanation.
Type  H <return>  for immediate help.
 ...                                              
                                                  
l.4 ...—Ö –∫—Ä–∏–ø—Ç–æ—Å–∏—Å—Ç–µ–º —Å –æ—Ç–∫—Ä—ã—Ç
                                                  —ã–º –∫–ª—é—á–æ–º. –û–Ω–∞ ...

You may provide a definition with
\DeclareUnicodeCharacter 


! LaTeX Error: Unicode character —ã (U+044B)
               not set up for use with LaTeX.

See the LaTeX manual or LaTeX Companion for explanation.
Type  H <return>  for immediate help.
 ...                                              
                                                  
l.4 ... –∫—Ä–∏–ø—Ç–æ—Å–∏—Å—Ç–µ–º —Å –æ—Ç–∫—Ä—ã—Ç—ã
                                                  –º –∫–ª—é—á–æ–º. –û–Ω–∞ –±...

You may provide a definition with
\DeclareUnicodeCharacter 


! LaTeX Error: Unicode character –º (U+043C)
               not set up for use with LaTeX.

See the LaTeX manual or LaTeX Companion for explanation.
Type  H <return>  for immediate help.
 ...                                              
                                                  
l.4 ...∫—Ä–∏–ø—Ç–æ—Å–∏—Å—Ç–µ–º —Å –æ—Ç–∫—Ä—ã—Ç—ã–º
                                                   –∫–ª—é—á–æ–º. –û–Ω–∞ –±—ã...

You may provide a definition with
\DeclareUnicodeCharacter 


! LaTeX Error: Unicode character –∫ (U+043A)
               not set up for use with LaTeX.

See the LaTeX manual or LaTeX Companion for explanation.
Type  H <return>  for immediate help.
 ...                                              
                                                  
l.4 ...–∏–ø—Ç–æ—Å–∏—Å—Ç–µ–º —Å –æ—Ç–∫—Ä—ã—Ç—ã–º –∫
                                                  –ª—é—á–æ–º. –û–Ω–∞ –±—ã–ª–...

You may provide a definition with
\DeclareUnicodeCharacter 


! LaTeX Error: Unicode character –ª (U+043B)
               not set up for use with LaTeX.

See the LaTeX manual or LaTeX Companion for explanation.
Type  H <return>  for immediate help.
 ...                                              
                                                  
l.4 ...–ø—Ç–æ—Å–∏—Å—Ç–µ–º —Å –æ—Ç–∫—Ä—ã—Ç—ã–º –∫–ª
                                                  —é—á–æ–º. –û–Ω–∞ –±—ã–ª–∞ ...

You may provide a definition with
\DeclareUnicodeCharacter 


! LaTeX Error: Unicode character —é (U+044E)
               not set up for use with LaTeX.

See the LaTeX manual or LaTeX Companion for explanation.
Type  H <return>  for immediate help.
 ...                                              
                                                  
l.4 ...—Ç–æ—Å–∏—Å—Ç–µ–º —Å –æ—Ç–∫—Ä—ã—Ç—ã–º –∫–ª—é
                                                  —á–æ–º. –û–Ω–∞ –±—ã–ª–∞ –ø...

You may provide a definition with
\DeclareUnicodeCharacter 


! LaTeX Error: Unicode character —á (U+0447)
               not set up for use with LaTeX.

See the LaTeX manual or LaTeX Companion for explanation.
Type  H <return>  for immediate help.
 ...                                              
                                                  
l.4 ...–æ—Å–∏—Å—Ç–µ–º —Å –æ—Ç–∫—Ä—ã—Ç—ã–º –∫–ª—é—á
                                                  –æ–º. –û–Ω–∞ –±—ã–ª–∞ –ø—Ä...

You may provide a definition with
\DeclareUnicodeCharacter 


! LaTeX Error: Unicode character –æ (U+043E)
               not set up for use with LaTeX.

See the LaTeX manual or LaTeX Companion for explanation.
Type  H <return>  for immediate help.
 ...                                              
                                                  
l.4 ...—Å–∏—Å—Ç–µ–º —Å –æ—Ç–∫—Ä—ã—Ç—ã–º –∫–ª—é—á–æ
                                                  –º. –û–Ω–∞ –±—ã–ª–∞ –ø—Ä–µ...

You may provide a definition with
\DeclareUnicodeCharacter 


! LaTeX Error: Unicode character –º (U+043C)
               not set up for use with LaTeX.

See the LaTeX manual or LaTeX Companion for explanation.
Type  H <return>  for immediate help.
 ...                                              
                                                  
l.4 ...–∏—Å—Ç–µ–º —Å –æ—Ç–∫—Ä—ã—Ç—ã–º –∫–ª—é—á–æ–º
                                                  . –û–Ω–∞ –±—ã–ª–∞ –ø—Ä–µ–¥...

You may provide a definition with
\DeclareUnicodeCharacter 

Missing character: There is no . in font nullfont!

! LaTeX Error: Unicode character –û (U+041E)
               not set up for use with LaTeX.

See the LaTeX manual or LaTeX Companion for explanation.
Type  H <return>  for immediate help.
 ...                                              
                                                  
l.4 ...—Ç–µ–º —Å –æ—Ç–∫—Ä—ã—Ç—ã–º –∫–ª—é—á–æ–º. –û
                                                  –Ω–∞ –±—ã–ª–∞ –ø—Ä–µ–¥–ª–æ...

You may provide a definition with
\DeclareUnicodeCharacter 


! LaTeX Error: Unicode character –Ω (U+043D)
               not set up for use with LaTeX.

See the LaTeX manual or LaTeX Companion for explanation.
Type  H <return>  for immediate help.
 ...                                              
                                                  
l.4 ...–µ–º —Å –æ—Ç–∫—Ä—ã—Ç—ã–º –∫–ª—é—á–æ–º. –û–Ω
                                                  –∞ –±—ã–ª–∞ –ø—Ä–µ–¥–ª–æ–∂...

You may provide a definition with
\DeclareUnicodeCharacter 


! LaTeX Error: Unicode character –∞ (U+0430)
               not set up for use with LaTeX.

See the LaTeX manual or LaTeX Companion for explanation.
Type  H <return>  for immediate help.
 ...                                              
                                                  
l.4 ...–º —Å –æ—Ç–∫—Ä—ã—Ç—ã–º –∫–ª—é—á–æ–º. –û–Ω–∞
                                                   –±—ã–ª–∞ –ø—Ä–µ–¥–ª–æ–∂–µ...

You may provide a definition with
\DeclareUnicodeCharacter 


! LaTeX Error: Unicode character –± (U+0431)
               not set up for use with LaTeX.

See the LaTeX manual or LaTeX Companion for explanation.
Type  H <return>  for immediate help.
 ...                                              
                                                  
l.4 ...—Å –æ—Ç–∫—Ä—ã—Ç—ã–º –∫–ª—é—á–æ–º. –û–Ω–∞ –±
                                                  —ã–ª–∞ –ø—Ä–µ–¥–ª–æ–∂–µ–Ω–...

You may provide a definition with
\DeclareUnicodeCharacter 


! LaTeX Error: Unicode character —ã (U+044B)
               not set up for use with LaTeX.

See the LaTeX manual or LaTeX Companion for explanation.
Type  H <return>  for immediate help.
 ...                                              
                                                  
l.4 ... –æ—Ç–∫—Ä—ã—Ç—ã–º –∫–ª—é—á–æ–º. –û–Ω–∞ –±—ã
                                                  –ª–∞ –ø—Ä–µ–¥–ª–æ–∂–µ–Ω–∞ ...

You may provide a definition with
\DeclareUnicodeCharacter 


! LaTeX Error: Unicode character –ª (U+043B)
               not set up for use with LaTeX.

See the LaTeX manual or LaTeX Companion for explanation.
Type  H <return>  for immediate help.
 ...                                              
                                                  
l.4 ...æ—Ç–∫—Ä—ã—Ç—ã–º –∫–ª—é—á–æ–º. –û–Ω–∞ –±—ã–ª
                                                  –∞ –ø—Ä–µ–¥–ª–æ–∂–µ–Ω–∞ –≤...

You may provide a definition with
\DeclareUnicodeCharacter 


! LaTeX Error: Unicode character –∞ (U+0430)
               not set up for use with LaTeX.

See the LaTeX manual or LaTeX Companion for explanation.
Type  H <return>  for immediate help.
 ...                                              
                                                  
l.4 ...Ç–∫—Ä—ã—Ç—ã–º –∫–ª—é—á–æ–º. –û–Ω–∞ –±—ã–ª–∞
                                                   –ø—Ä–µ–¥–ª–æ–∂–µ–Ω–∞ –≤ 1978

You may provide a definition with
\DeclareUnicodeCharacter 


! LaTeX Error: Unicode character –ø (U+043F)
               not set up for use with LaTeX.

See the LaTeX manual or LaTeX Companion for explanation.
Type  H <return>  for immediate help.
 ...                                              
                                                  
l.4 ...—Ä—ã—Ç—ã–º –∫–ª—é—á–æ–º. –û–Ω–∞ –±—ã–ª–∞ –ø
                                                  —Ä–µ–¥–ª–æ–∂–µ–Ω–∞ –≤ 1978
You may provide a definition with
\DeclareUnicodeCharacter 


! LaTeX Error: Unicode character —Ä (U+0440)
               not set up for use with LaTeX.

See the LaTeX manual or LaTeX Companion for explanation.
Type  H <return>  for immediate help.
 ...                                              
                                                  
l.4 ...—ã—Ç—ã–º –∫–ª—é—á–æ–º. –û–Ω–∞ –±—ã–ª–∞ –ø—Ä
                                                  –µ–¥–ª–æ–∂–µ–Ω–∞ –≤ 1978
You may provide a definition with
\DeclareUnicodeCharacter 


! LaTeX Error: Unicode character –µ (U+0435)
               not set up for use with LaTeX.

See the LaTeX manual or LaTeX Companion for explanation.
Type  H <return>  for immediate help.
 ...                                              
                                                  
l.4 ...—Ç—ã–º –∫–ª—é—á–æ–º. –û–Ω–∞ –±—ã–ª–∞ –ø—Ä–µ
                                                  –¥–ª–æ–∂–µ–Ω–∞ –≤ 1978
You may provide a definition with
\DeclareUnicodeCharacter 


! LaTeX Error: Unicode character –¥ (U+0434)
               not set up for use with LaTeX.

See the LaTeX manual or LaTeX Companion for explanation.
Type  H <return>  for immediate help.
 ...                                              
                                                  
l.4 ...—ã–º –∫–ª—é—á–æ–º. –û–Ω–∞ –±—ã–ª–∞ –ø—Ä–µ–¥
                                                  –ª–æ–∂–µ–Ω–∞ –≤ 1978
You may provide a definition with
\DeclareUnicodeCharacter 


! LaTeX Error: Unicode character –ª (U+043B)
               not set up for use with LaTeX.

See the LaTeX manual or LaTeX Companion for explanation.
Type  H <return>  for immediate help.
 ...                                              
                                                  
l.4 ...–º –∫–ª—é—á–æ–º. –û–Ω–∞ –±—ã–ª–∞ –ø—Ä–µ–¥–ª
                                                  –æ–∂–µ–Ω–∞ –≤ 1978
You may provide a definition with
\DeclareUnicodeCharacter 


! LaTeX Error: Unicode character –æ (U+043E)
               not set up for use with LaTeX.

See the LaTeX manual or LaTeX Companion for explanation.
Type  H <return>  for immediate help.
 ...                                              
                                                  
l.4 ... –∫–ª—é—á–æ–º. –û–Ω–∞ –±—ã–ª–∞ –ø—Ä–µ–¥–ª–æ
                                                  –∂–µ–Ω–∞ –≤ 1978
You may provide a definition with
\DeclareUnicodeCharacter 


! LaTeX Error: Unicode character –∂ (U+0436)
               not set up for use with LaTeX.

See the LaTeX manual or LaTeX Companion for explanation.
Type  H <return>  for immediate help.
 ...                                              
                                                  
l.4 ...∫–ª—é—á–æ–º. –û–Ω–∞ –±—ã–ª–∞ –ø—Ä–µ–¥–ª–æ–∂
                                                  –µ–Ω–∞ –≤ 1978
You may provide a definition with
\DeclareUnicodeCharacter 


! LaTeX Error: Unicode character –µ (U+0435)
               not set up for use with LaTeX.

See the LaTeX manual or LaTeX Companion for explanation.
Type  H <return>  for immediate help.
 ...                                              
                                                  
l.4 ...ª—é—á–æ–º. –û–Ω–∞ –±—ã–ª–∞ –ø—Ä–µ–¥–ª–æ–∂–µ
                                                  –Ω–∞ –≤ 1978
You may provide a definition with
\DeclareUnicodeCharacter 


! LaTeX Error: Unicode character –Ω (U+043D)
               not set up for use with LaTeX.

See the LaTeX manual or LaTeX Companion for explanation.
Type  H <return>  for immediate help.
 ...                                              
                                                  
l.4 ...é—á–æ–º. –û–Ω–∞ –±—ã–ª–∞ –ø—Ä–µ–¥–ª–æ–∂–µ–Ω
                                                  –∞ –≤ 1978
You may provide a definition with
\DeclareUnicodeCharacter 


! LaTeX Error: Unicode character –∞ (U+0430)
               not set up for use with LaTeX.

See the LaTeX manual or LaTeX Companion for explanation.
Type  H <return>  for immediate help.
 ...                                              
                                                  
l.4 ...á–æ–º. –û–Ω–∞ –±—ã–ª–∞ –ø—Ä–µ–¥–ª–æ–∂–µ–Ω–∞
                                                   –≤ 1978
You may provide a definition with
\DeclareUnicodeCharacter 


! LaTeX Error: Unicode character –≤ (U+0432)
               not set up for use with LaTeX.

See the LaTeX manual or LaTeX Companion for explanation.
Type  H <return>  for immediate help.
 ...                                              
                                                  
l.4 ...–º. –û–Ω–∞ –±—ã–ª–∞ –ø—Ä–µ–¥–ª–æ–∂–µ–Ω–∞ –≤
                                                   1978
You may provide a definition with
\DeclareUnicodeCharacter 

Missing character: There is no 1 in font nullfont!
Missing character: There is no 9 in font nullfont!
Missing character: There is no 7 in font nullfont!
Missing character: There is no 8 in font nullfont!

! LaTeX Error: Unicode character –† (U+0420)
               not set up for use with LaTeX.

See the LaTeX manual or LaTeX Companion for explanation.
Type  H <return>  for immediate help.
 ...                                              
                                                  
l.5 –†
      .~–î–∂.~–ú–∞–∫-–≠–ª–∏—Å–æ–º~\cite{MCEliece}. –î–∞–Ω–Ω–∞—è –∫—Ä–∏–ø—Ç–æ...

You may provide a definition with
\DeclareUnicodeCharacter 

Missing character: There is no . in font nullfont!

! LaTeX Error: Unicode character –î (U+0414)
               not set up for use with LaTeX.

See the LaTeX manual or LaTeX Companion for explanation.
Type  H <return>  for immediate help.
 ...                                              
                                                  
l.5 –†.~–î
          –∂.~–ú–∞–∫-–≠–ª–∏—Å–æ–º~\cite{MCEliece}. –î–∞–Ω–Ω–∞—è –∫—Ä–∏–ø—Ç–æ...

You may provide a definition with
\DeclareUnicodeCharacter 


! LaTeX Error: Unicode character –∂ (U+0436)
               not set up for use with LaTeX.

See the LaTeX manual or LaTeX Companion for explanation.
Type  H <return>  for immediate help.
 ...                                              
                                                  
l.5 –†.~–î–∂
            .~–ú–∞–∫-–≠–ª–∏—Å–æ–º~\cite{MCEliece}. –î–∞–Ω–Ω–∞—è –∫—Ä–∏–ø—Ç–æ...

You may provide a definition with
\DeclareUnicodeCharacter 

Missing character: There is no . in font nullfont!

! LaTeX Error: Unicode character –ú (U+041C)
               not set up for use with LaTeX.

See the LaTeX manual or LaTeX Companion for explanation.
Type  H <return>  for immediate help.
 ...                                              
                                                  
l.5 –†.~–î–∂.~–ú
                –∞–∫-–≠–ª–∏—Å–æ–º~\cite{MCEliece}. –î–∞–Ω–Ω–∞—è –∫—Ä–∏–ø—Ç–æ...

You may provide a definition with
\DeclareUnicodeCharacter 


! LaTeX Error: Unicode character –∞ (U+0430)
               not set up for use with LaTeX.

See the LaTeX manual or LaTeX Companion for explanation.
Type  H <return>  for immediate help.
 ...                                              
                                                  
l.5 –†.~–î–∂.~–ú–∞
                  –∫-–≠–ª–∏—Å–æ–º~\cite{MCEliece}. –î–∞–Ω–Ω–∞—è –∫—Ä–∏–ø—Ç–æ...

You may provide a definition with
\DeclareUnicodeCharacter 


! LaTeX Error: Unicode character –∫ (U+043A)
               not set up for use with LaTeX.

See the LaTeX manual or LaTeX Companion for explanation.
Type  H <return>  for immediate help.
 ...                                              
                                                  
l.5 –†.~–î–∂.~–ú–∞–∫
                    -–≠–ª–∏—Å–æ–º~\cite{MCEliece}. –î–∞–Ω–Ω–∞—è –∫—Ä–∏–ø—Ç–æ...

You may provide a definition with
\DeclareUnicodeCharacter 

Missing character: There is no - in font nullfont!

! LaTeX Error: Unicode character –≠ (U+042D)
               not set up for use with LaTeX.

See the LaTeX manual or LaTeX Companion for explanation.
Type  H <return>  for immediate help.
 ...                                              
                                                  
l.5 –†.~–î–∂.~–ú–∞–∫-–≠
                       –ª–∏—Å–æ–º~\cite{MCEliece}. –î–∞–Ω–Ω–∞—è –∫—Ä–∏–ø—Ç–æ...

You may provide a definition with
\DeclareUnicodeCharacter 


! LaTeX Error: Unicode character –ª (U+043B)
               not set up for use with LaTeX.

See the LaTeX manual or LaTeX Companion for explanation.
Type  H <return>  for immediate help.
 ...                                              
                                                  
l.5 –†.~–î–∂.~–ú–∞–∫-–≠–ª
                         –∏—Å–æ–º~\cite{MCEliece}. –î–∞–Ω–Ω–∞—è –∫—Ä–∏–ø—Ç–æ...

You may provide a definition with
\DeclareUnicodeCharacter 


! LaTeX Error: Unicode character –∏ (U+0438)
               not set up for use with LaTeX.

See the LaTeX manual or LaTeX Companion for explanation.
Type  H <return>  for immediate help.
 ...                                              
                                                  
l.5 –†.~–î–∂.~–ú–∞–∫-–≠–ª–∏
                           —Å–æ–º~\cite{MCEliece}. –î–∞–Ω–Ω–∞—è –∫—Ä–∏–ø—Ç–æ...

You may provide a definition with
\DeclareUnicodeCharacter 


! LaTeX Error: Unicode character —Å (U+0441)
               not set up for use with LaTeX.

See the LaTeX manual or LaTeX Companion for explanation.
Type  H <return>  for immediate help.
 ...                                              
                                                  
l.5 –†.~–î–∂.~–ú–∞–∫-–≠–ª–∏—Å
                             –æ–º~\cite{MCEliece}. –î–∞–Ω–Ω–∞—è –∫—Ä–∏–ø—Ç–æ...

You may provide a definition with
\DeclareUnicodeCharacter 


! LaTeX Error: Unicode character –æ (U+043E)
               not set up for use with LaTeX.

See the LaTeX manual or LaTeX Companion for explanation.
Type  H <return>  for immediate help.
 ...                                              
                                                  
l.5 –†.~–î–∂.~–ú–∞–∫-–≠–ª–∏—Å–æ
                               –º~\cite{MCEliece}. –î–∞–Ω–Ω–∞—è –∫—Ä–∏–ø—Ç–æ...

You may provide a definition with
\DeclareUnicodeCharacter 


! LaTeX Error: Unicode character –º (U+043C)
               not set up for use with LaTeX.

See the LaTeX manual or LaTeX Companion for explanation.
Type  H <return>  for immediate help.
 ...                                              
                                                  
l.5 –†.~–î–∂.~–ú–∞–∫-–≠–ª–∏—Å–æ–º
                                 ~\cite{MCEliece}. –î–∞–Ω–Ω–∞—è –∫—Ä–∏–ø—Ç–æ...

You may provide a definition with
\DeclareUnicodeCharacter 

Missing character: There is no [ in font nullfont!
\citation{MCEliece}
! Undefined control sequence.
<write> ...: Citation `\@citeb ' on page \thepage 
                                                  \space undefined\on@line .
l.5 –†.~–î–∂.~–ú–∞–∫-–≠–ª–∏—Å–æ–º~\cite{MCEliece}
                                                 . –î–∞–Ω–Ω–∞—è –∫—Ä–∏–ø—Ç–æ...
The control sequence at the end of the top line
of your error message was never \def'ed. If you have
misspelled it (e.g., `\hobx'), type `I' and the correct
spelling (e.g., `I\hbox'). Otherwise just continue,
and I'll forget about whatever was undefined.


LaTeX Warning: Citation `MCEliece' on page  undefined on input line 5.

Missing character: There is no ] in font nullfont!
Missing character: There is no . in font nullfont!

! LaTeX Error: Unicode character –î (U+0414)
               not set up for use with LaTeX.

See the LaTeX manual or LaTeX Companion for explanation.
Type  H <return>  for immediate help.
 ...                                              
                                                  
l.5 ...–∂.~–ú–∞–∫-–≠–ª–∏—Å–æ–º~\cite{MCEliece}. –î
                                                  –∞–Ω–Ω–∞—è –∫—Ä–∏–ø—Ç–æ—Å–...

You may provide a definition with
\DeclareUnicodeCharacter 


! LaTeX Error: Unicode character –∞ (U+0430)
               not set up for use with LaTeX.

See the LaTeX manual or LaTeX Companion for explanation.
Type  H <return>  for immediate help.
 ...                                              
                                                  
l.5 ....~–ú–∞–∫-–≠–ª–∏—Å–æ–º~\cite{MCEliece}. –î–∞
                                                  –Ω–Ω–∞—è –∫—Ä–∏–ø—Ç–æ—Å–∏—...

You may provide a definition with
\DeclareUnicodeCharacter 


! LaTeX Error: Unicode character –Ω (U+043D)
               not set up for use with LaTeX.

See the LaTeX manual or LaTeX Companion for explanation.
Type  H <return>  for immediate help.
 ...                                              
                                                  
l.5 ...–ú–∞–∫-–≠–ª–∏—Å–æ–º~\cite{MCEliece}. –î–∞–Ω
                                                  –Ω–∞—è –∫—Ä–∏–ø—Ç–æ—Å–∏—Å—...

You may provide a definition with
\DeclareUnicodeCharacter 


! LaTeX Error: Unicode character –Ω (U+043D)
               not set up for use with LaTeX.

See the LaTeX manual or LaTeX Companion for explanation.
Type  H <return>  for immediate help.
 ...                                              
                                                  
l.5 ...–∞–∫-–≠–ª–∏—Å–æ–º~\cite{MCEliece}. –î–∞–Ω–Ω
                                                  –∞—è –∫—Ä–∏–ø—Ç–æ—Å–∏—Å—Ç–...

You may provide a definition with
\DeclareUnicodeCharacter 


! LaTeX Error: Unicode character –∞ (U+0430)
               not set up for use with LaTeX.

See the LaTeX manual or LaTeX Companion for explanation.
Type  H <return>  for immediate help.
 ...                                              
                                                  
l.5 ...–∫-–≠–ª–∏—Å–æ–º~\cite{MCEliece}. –î–∞–Ω–Ω–∞
                                                  —è –∫—Ä–∏–ø—Ç–æ—Å–∏—Å—Ç–µ–º–∞

You may provide a definition with
\DeclareUnicodeCharacter 


! LaTeX Error: Unicode character —è (U+044F)
               not set up for use with LaTeX.

See the LaTeX manual or LaTeX Companion for explanation.
Type  H <return>  for immediate help.
 ...                                              
                                                  
l.5 ...-–≠–ª–∏—Å–æ–º~\cite{MCEliece}. –î–∞–Ω–Ω–∞—è
                                                   –∫—Ä–∏–ø—Ç–æ—Å–∏—Å—Ç–µ–º–∞
You may provide a definition with
\DeclareUnicodeCharacter 


! LaTeX Error: Unicode character –∫ (U+043A)
               not set up for use with LaTeX.

See the LaTeX manual or LaTeX Companion for explanation.
Type  H <return>  for immediate help.
 ...                                              
                                                  
l.5 ...–ª–∏—Å–æ–º~\cite{MCEliece}. –î–∞–Ω–Ω–∞—è –∫
                                                  —Ä–∏–ø—Ç–æ—Å–∏—Å—Ç–µ–º–∞
You may provide a definition with
\DeclareUnicodeCharacter 


! LaTeX Error: Unicode character —Ä (U+0440)
               not set up for use with LaTeX.

See the LaTeX manual or LaTeX Companion for explanation.
Type  H <return>  for immediate help.
 ...                                              
                                                  
l.5 ...–∏—Å–æ–º~\cite{MCEliece}. –î–∞–Ω–Ω–∞—è –∫—Ä
                                                  –∏–ø—Ç–æ—Å–∏—Å—Ç–µ–º–∞
You may provide a definition with
\DeclareUnicodeCharacter 


! LaTeX Error: Unicode character –∏ (U+0438)
               not set up for use with LaTeX.

See the LaTeX manual or LaTeX Companion for explanation.
Type  H <return>  for immediate help.
 ...                                              
                                                  
l.5 ...—Å–æ–º~\cite{MCEliece}. –î–∞–Ω–Ω–∞—è –∫—Ä–∏
                                                  –ø—Ç–æ—Å–∏—Å—Ç–µ–º–∞
You may provide a definition with
\DeclareUnicodeCharacter 


! LaTeX Error: Unicode character –ø (U+043F)
               not set up for use with LaTeX.

See the LaTeX manual or LaTeX Companion for explanation.
Type  H <return>  for immediate help.
 ...                                              
                                                  
l.5 ...–æ–º~\cite{MCEliece}. –î–∞–Ω–Ω–∞—è –∫—Ä–∏–ø
                                                  —Ç–æ—Å–∏—Å—Ç–µ–º–∞
You may provide a definition with
\DeclareUnicodeCharacter 


! LaTeX Error: Unicode character —Ç (U+0442)
               not set up for use with LaTeX.

See the LaTeX manual or LaTeX Companion for explanation.
Type  H <return>  for immediate help.
 ...                                              
                                                  
l.5 ...–º~\cite{MCEliece}. –î–∞–Ω–Ω–∞—è –∫—Ä–∏–ø—Ç
                                                  –æ—Å–∏—Å—Ç–µ–º–∞
You may provide a definition with
\DeclareUnicodeCharacter 


! LaTeX Error: Unicode character –æ (U+043E)
               not set up for use with LaTeX.

See the LaTeX manual or LaTeX Companion for explanation.
Type  H <return>  for immediate help.
 ...                                              
                                                  
l.5 ...~\cite{MCEliece}. –î–∞–Ω–Ω–∞—è –∫—Ä–∏–ø—Ç–æ
                                                  —Å–∏—Å—Ç–µ–º–∞
You may provide a definition with
\DeclareUnicodeCharacter 


! LaTeX Error: Unicode character —Å (U+0441)
               not set up for use with LaTeX.

See the LaTeX manual or LaTeX Companion for explanation.
Type  H <return>  for immediate help.
 ...                                              
                                                  
l.5 ...cite{MCEliece}. –î–∞–Ω–Ω–∞—è –∫—Ä–∏–ø—Ç–æ—Å
                                                  –∏—Å—Ç–µ–º–∞
You may provide a definition with
\DeclareUnicodeCharacter 


! LaTeX Error: Unicode character –∏ (U+0438)
               not set up for use with LaTeX.

See the LaTeX manual or LaTeX Companion for explanation.
Type  H <return>  for immediate help.
 ...                                              
                                                  
l.5 ...te{MCEliece}. –î–∞–Ω–Ω–∞—è –∫—Ä–∏–ø—Ç–æ—Å–∏
                                                  —Å—Ç–µ–º–∞
You may provide a definition with
\DeclareUnicodeCharacter 


! LaTeX Error: Unicode character —Å (U+0441)
               not set up for use with LaTeX.

See the LaTeX manual or LaTeX Companion for explanation.
Type  H <return>  for immediate help.
 ...                                              
                                                  
l.5 ...{MCEliece}. –î–∞–Ω–Ω–∞—è –∫—Ä–∏–ø—Ç–æ—Å–∏—Å
                                                  —Ç–µ–º–∞
You may provide a definition with
\DeclareUnicodeCharacter 


! LaTeX Error: Unicode character —Ç (U+0442)
               not set up for use with LaTeX.

See the LaTeX manual or LaTeX Companion for explanation.
Type  H <return>  for immediate help.
 ...                                              
                                                  
l.5 ...CEliece}. –î–∞–Ω–Ω–∞—è –∫—Ä–∏–ø—Ç–æ—Å–∏—Å—Ç
                                                  –µ–º–∞
You may provide a definition with
\DeclareUnicodeCharacter 


! LaTeX Error: Unicode character –µ (U+0435)
               not set up for use with LaTeX.

See the LaTeX manual or LaTeX Companion for explanation.
Type  H <return>  for immediate help.
 ...                                              
                                                  
l.5 ...liece}. –î–∞–Ω–Ω–∞—è –∫—Ä–∏–ø—Ç–æ—Å–∏—Å—Ç–µ
                                                  –º–∞
You may provide a definition with
\DeclareUnicodeCharacter 


! LaTeX Error: Unicode character –º (U+043C)
               not set up for use with LaTeX.

See the LaTeX manual or LaTeX Companion for explanation.
Type  H <return>  for immediate help.
 ...                                              
                                                  
l.5 ...ece}. –î–∞–Ω–Ω–∞—è –∫—Ä–∏–ø—Ç–æ—Å–∏—Å—Ç–µ–º
                                                  –∞
You may provide a definition with
\DeclareUnicodeCharacter 


! LaTeX Error: Unicode character –∞ (U+0430)
               not set up for use with LaTeX.

See the LaTeX manual or LaTeX Companion for explanation.
Type  H <return>  for immediate help.
 ...                                              
                                                  
l.5 ...e}. –î–∞–Ω–Ω–∞—è –∫—Ä–∏–ø—Ç–æ—Å–∏—Å—Ç–µ–º–∞
                                                  
You may provide a definition with
\DeclareUnicodeCharacter 


! LaTeX Error: Unicode character –æ (U+043E)
               not set up for use with LaTeX.

See the LaTeX manual or LaTeX Companion for explanation.
Type  H <return>  for immediate help.
 ...                                              
                                                  
l.6 –æ
      —Å–Ω–æ–≤—ã–≤–∞–µ—Ç—Å—è –Ω–∞ $\mathbf{\mathbb {NP}}$-—Ç—Ä—É–¥–Ω–æ–π –ø—...

You may provide a definition with
\DeclareUnicodeCharacter 


! LaTeX Error: Unicode character —Å (U+0441)
               not set up for use with LaTeX.

See the LaTeX manual or LaTeX Companion for explanation.
Type  H <return>  for immediate help.
 ...                                              
                                                  
l.6 –æ—Å
        –Ω–æ–≤—ã–≤–∞–µ—Ç—Å—è –Ω–∞ $\mathbf{\mathbb {NP}}$-—Ç—Ä—É–¥–Ω–æ–π –ø—...
(That makes 100 errors; please try again.) 
Here is how much of TeX's memory you used:
 51 strings out of 478353
 757 string characters out of 5854635
 295989 words of memory out of 5000000
 18277 multiletter control sequences out of 15000+600000
 403738 words of font info for 28 fonts, out of 8000000 for 9000
 1141 hyphenation exceptions out of 8191
 18i,2n,23p,230b,93s stack positions out of 5000i,500n,10000p,200000b,80000s

!  ==> Fatal error occurred, no output PDF file produced!
