This is pdfTeX, Version 3.141592653-2.6-1.40.23 (TeX Live 2021/Arch Linux) (preloaded format=pdflatex 2022.1.12)  10 MAR 2022 17:27
entering extended mode
 restricted \write18 enabled.
 %&-line parsing enabled.
**2-mceliece.tex
(./2-mceliece.tex
LaTeX2e <2021-11-15> patch level 1
L3 programming layer <2021-11-22>
! Undefined control sequence.
l.3 \section
            {–í—ã—á–∏—Å–ª–µ–Ω–∏–µ –ø—Ä–µ–æ–±—Ä–∞–∑–æ–≤–∞–Ω–∏–π –§—É—Ä—å–µ}
The control sequence at the end of the top line
of your error message was never \def'ed. If you have
misspelled it (e.g., `\hobx'), type `I' and the correct
spelling (e.g., `I\hbox'). Otherwise just continue,
and I'll forget about whatever was undefined.


! LaTeX Error: Unicode character –í (U+0412)
               not set up for use with LaTeX.

See the LaTeX manual or LaTeX Companion for explanation.
Type  H <return>  for immediate help.
 ...                                              
                                                  
l.3 \section{–í
               —ã—á–∏—Å–ª–µ–Ω–∏–µ –ø—Ä–µ–æ–±—Ä–∞–∑–æ–≤–∞–Ω–∏–π –§—É—Ä—å–µ}
You may provide a definition with
\DeclareUnicodeCharacter 


! LaTeX Error: Unicode character —ã (U+044B)
               not set up for use with LaTeX.

See the LaTeX manual or LaTeX Companion for explanation.
Type  H <return>  for immediate help.
 ...                                              
                                                  
l.3 \section{–í—ã
                 —á–∏—Å–ª–µ–Ω–∏–µ –ø—Ä–µ–æ–±—Ä–∞–∑–æ–≤–∞–Ω–∏–π –§—É—Ä—å–µ}
You may provide a definition with
\DeclareUnicodeCharacter 


! LaTeX Error: Unicode character —á (U+0447)
               not set up for use with LaTeX.

See the LaTeX manual or LaTeX Companion for explanation.
Type  H <return>  for immediate help.
 ...                                              
                                                  
l.3 \section{–í—ã—á
                   –∏—Å–ª–µ–Ω–∏–µ –ø—Ä–µ–æ–±—Ä–∞–∑–æ–≤–∞–Ω–∏–π –§—É—Ä—å–µ}
You may provide a definition with
\DeclareUnicodeCharacter 


! LaTeX Error: Unicode character –∏ (U+0438)
               not set up for use with LaTeX.

See the LaTeX manual or LaTeX Companion for explanation.
Type  H <return>  for immediate help.
 ...                                              
                                                  
l.3 \section{–í—ã—á–∏
                     —Å–ª–µ–Ω–∏–µ –ø—Ä–µ–æ–±—Ä–∞–∑–æ–≤–∞–Ω–∏–π –§—É—Ä—å–µ}
You may provide a definition with
\DeclareUnicodeCharacter 


! LaTeX Error: Unicode character —Å (U+0441)
               not set up for use with LaTeX.

See the LaTeX manual or LaTeX Companion for explanation.
Type  H <return>  for immediate help.
 ...                                              
                                                  
l.3 \section{–í—ã—á–∏—Å
                       –ª–µ–Ω–∏–µ –ø—Ä–µ–æ–±—Ä–∞–∑–æ–≤–∞–Ω–∏–π –§—É—Ä—å–µ}
You may provide a definition with
\DeclareUnicodeCharacter 


! LaTeX Error: Unicode character –ª (U+043B)
               not set up for use with LaTeX.

See the LaTeX manual or LaTeX Companion for explanation.
Type  H <return>  for immediate help.
 ...                                              
                                                  
l.3 \section{–í—ã—á–∏—Å–ª
                         –µ–Ω–∏–µ –ø—Ä–µ–æ–±—Ä–∞–∑–æ–≤–∞–Ω–∏–π –§—É—Ä—å–µ}
You may provide a definition with
\DeclareUnicodeCharacter 


! LaTeX Error: Unicode character –µ (U+0435)
               not set up for use with LaTeX.

See the LaTeX manual or LaTeX Companion for explanation.
Type  H <return>  for immediate help.
 ...                                              
                                                  
l.3 \section{–í—ã—á–∏—Å–ª–µ
                           –Ω–∏–µ –ø—Ä–µ–æ–±—Ä–∞–∑–æ–≤–∞–Ω–∏–π –§—É—Ä—å–µ}
You may provide a definition with
\DeclareUnicodeCharacter 


! LaTeX Error: Unicode character –Ω (U+043D)
               not set up for use with LaTeX.

See the LaTeX manual or LaTeX Companion for explanation.
Type  H <return>  for immediate help.
 ...                                              
                                                  
l.3 \section{–í—ã—á–∏—Å–ª–µ–Ω
                             –∏–µ –ø—Ä–µ–æ–±—Ä–∞–∑–æ–≤–∞–Ω–∏–π –§—É—Ä—å–µ}
You may provide a definition with
\DeclareUnicodeCharacter 


! LaTeX Error: Unicode character –∏ (U+0438)
               not set up for use with LaTeX.

See the LaTeX manual or LaTeX Companion for explanation.
Type  H <return>  for immediate help.
 ...                                              
                                                  
l.3 \section{–í—ã—á–∏—Å–ª–µ–Ω–∏
                               –µ –ø—Ä–µ–æ–±—Ä–∞–∑–æ–≤–∞–Ω–∏–π –§—É—Ä—å–µ}
You may provide a definition with
\DeclareUnicodeCharacter 


! LaTeX Error: Unicode character –µ (U+0435)
               not set up for use with LaTeX.

See the LaTeX manual or LaTeX Companion for explanation.
Type  H <return>  for immediate help.
 ...                                              
                                                  
l.3 \section{–í—ã—á–∏—Å–ª–µ–Ω–∏–µ
                                  –ø—Ä–µ–æ–±—Ä–∞–∑–æ–≤–∞–Ω–∏–π –§—É—Ä—å–µ}
You may provide a definition with
\DeclareUnicodeCharacter 


! LaTeX Error: Unicode character –ø (U+043F)
               not set up for use with LaTeX.

See the LaTeX manual or LaTeX Companion for explanation.
Type  H <return>  for immediate help.
 ...                                              
                                                  
l.3 \section{–í—ã—á–∏—Å–ª–µ–Ω–∏–µ –ø
                                    —Ä–µ–æ–±—Ä–∞–∑–æ–≤–∞–Ω–∏–π –§—É—Ä—å–µ}
You may provide a definition with
\DeclareUnicodeCharacter 


! LaTeX Error: Unicode character —Ä (U+0440)
               not set up for use with LaTeX.

See the LaTeX manual or LaTeX Companion for explanation.
Type  H <return>  for immediate help.
 ...                                              
                                                  
l.3 \section{–í—ã—á–∏—Å–ª–µ–Ω–∏–µ –ø—Ä
                                      –µ–æ–±—Ä–∞–∑–æ–≤–∞–Ω–∏–π –§—É—Ä—å–µ}
You may provide a definition with
\DeclareUnicodeCharacter 


! LaTeX Error: Unicode character –µ (U+0435)
               not set up for use with LaTeX.

See the LaTeX manual or LaTeX Companion for explanation.
Type  H <return>  for immediate help.
 ...                                              
                                                  
l.3 \section{–í—ã—á–∏—Å–ª–µ–Ω–∏–µ –ø—Ä–µ
                                        –æ–±—Ä–∞–∑–æ–≤–∞–Ω–∏–π –§—É—Ä—å–µ}
You may provide a definition with
\DeclareUnicodeCharacter 


! LaTeX Error: Unicode character –æ (U+043E)
               not set up for use with LaTeX.

See the LaTeX manual or LaTeX Companion for explanation.
Type  H <return>  for immediate help.
 ...                                              
                                                  
l.3 \section{–í—ã—á–∏—Å–ª–µ–Ω–∏–µ –ø—Ä–µ–æ
                                          –±—Ä–∞–∑–æ–≤–∞–Ω–∏–π –§—É—Ä—å–µ}
You may provide a definition with
\DeclareUnicodeCharacter 


! LaTeX Error: Unicode character –± (U+0431)
               not set up for use with LaTeX.

See the LaTeX manual or LaTeX Companion for explanation.
Type  H <return>  for immediate help.
 ...                                              
                                                  
l.3 \section{–í—ã—á–∏—Å–ª–µ–Ω–∏–µ –ø—Ä–µ–æ–±
                                            —Ä–∞–∑–æ–≤–∞–Ω–∏–π –§—É—Ä—å–µ}
You may provide a definition with
\DeclareUnicodeCharacter 


! LaTeX Error: Unicode character —Ä (U+0440)
               not set up for use with LaTeX.

See the LaTeX manual or LaTeX Companion for explanation.
Type  H <return>  for immediate help.
 ...                                              
                                                  
l.3 \section{–í—ã—á–∏—Å–ª–µ–Ω–∏–µ –ø—Ä–µ–æ–±—Ä
                                              –∞–∑–æ–≤–∞–Ω–∏–π –§—É—Ä—å–µ}
You may provide a definition with
\DeclareUnicodeCharacter 


! LaTeX Error: Unicode character –∞ (U+0430)
               not set up for use with LaTeX.

See the LaTeX manual or LaTeX Companion for explanation.
Type  H <return>  for immediate help.
 ...                                              
                                                  
l.3 \section{–í—ã—á–∏—Å–ª–µ–Ω–∏–µ –ø—Ä–µ–æ–±—Ä–∞
                                                –∑–æ–≤–∞–Ω–∏–π –§—É—Ä—å–µ}
You may provide a definition with
\DeclareUnicodeCharacter 


! LaTeX Error: Unicode character –∑ (U+0437)
               not set up for use with LaTeX.

See the LaTeX manual or LaTeX Companion for explanation.
Type  H <return>  for immediate help.
 ...                                              
                                                  
l.3 \section{–í—ã—á–∏—Å–ª–µ–Ω–∏–µ –ø—Ä–µ–æ–±—Ä–∞–∑
                                                  –æ–≤–∞–Ω–∏–π –§—É—Ä—å–µ}
You may provide a definition with
\DeclareUnicodeCharacter 


! LaTeX Error: Unicode character –æ (U+043E)
               not set up for use with LaTeX.

See the LaTeX manual or LaTeX Companion for explanation.
Type  H <return>  for immediate help.
 ...                                              
                                                  
l.3 ...ion{–í—ã—á–∏—Å–ª–µ–Ω–∏–µ –ø—Ä–µ–æ–±—Ä–∞–∑–æ
                                                  –≤–∞–Ω–∏–π –§—É—Ä—å–µ}
You may provide a definition with
\DeclareUnicodeCharacter 


! LaTeX Error: Unicode character –≤ (U+0432)
               not set up for use with LaTeX.

See the LaTeX manual or LaTeX Companion for explanation.
Type  H <return>  for immediate help.
 ...                                              
                                                  
l.3 ...n{–í—ã—á–∏—Å–ª–µ–Ω–∏–µ –ø—Ä–µ–æ–±—Ä–∞–∑–æ–≤
                                                  –∞–Ω–∏–π –§—É—Ä—å–µ}
You may provide a definition with
\DeclareUnicodeCharacter 


! LaTeX Error: Unicode character –∞ (U+0430)
               not set up for use with LaTeX.

See the LaTeX manual or LaTeX Companion for explanation.
Type  H <return>  for immediate help.
 ...                                              
                                                  
l.3 ...–í—ã—á–∏—Å–ª–µ–Ω–∏–µ –ø—Ä–µ–æ–±—Ä–∞–∑–æ–≤–∞
                                                  –Ω–∏–π –§—É—Ä—å–µ}
You may provide a definition with
\DeclareUnicodeCharacter 


! LaTeX Error: Unicode character –Ω (U+043D)
               not set up for use with LaTeX.

See the LaTeX manual or LaTeX Companion for explanation.
Type  H <return>  for immediate help.
 ...                                              
                                                  
l.3 ...—ã—á–∏—Å–ª–µ–Ω–∏–µ –ø—Ä–µ–æ–±—Ä–∞–∑–æ–≤–∞–Ω
                                                  –∏–π –§—É—Ä—å–µ}
You may provide a definition with
\DeclareUnicodeCharacter 


! LaTeX Error: Unicode character –∏ (U+0438)
               not set up for use with LaTeX.

See the LaTeX manual or LaTeX Companion for explanation.
Type  H <return>  for immediate help.
 ...                                              
                                                  
l.3 ...—á–∏—Å–ª–µ–Ω–∏–µ –ø—Ä–µ–æ–±—Ä–∞–∑–æ–≤–∞–Ω–∏
                                                  –π –§—É—Ä—å–µ}
You may provide a definition with
\DeclareUnicodeCharacter 


! LaTeX Error: Unicode character –π (U+0439)
               not set up for use with LaTeX.

See the LaTeX manual or LaTeX Companion for explanation.
Type  H <return>  for immediate help.
 ...                                              
                                                  
l.3 ...–∏—Å–ª–µ–Ω–∏–µ –ø—Ä–µ–æ–±—Ä–∞–∑–æ–≤–∞–Ω–∏–π
                                                   –§—É—Ä—å–µ}
You may provide a definition with
\DeclareUnicodeCharacter 


! LaTeX Error: Unicode character –§ (U+0424)
               not set up for use with LaTeX.

See the LaTeX manual or LaTeX Companion for explanation.
Type  H <return>  for immediate help.
 ...                                              
                                                  
l.3 ...Å–ª–µ–Ω–∏–µ –ø—Ä–µ–æ–±—Ä–∞–∑–æ–≤–∞–Ω–∏–π –§
                                                  —É—Ä—å–µ}
You may provide a definition with
\DeclareUnicodeCharacter 


! LaTeX Error: Unicode character —É (U+0443)
               not set up for use with LaTeX.

See the LaTeX manual or LaTeX Companion for explanation.
Type  H <return>  for immediate help.
 ...                                              
                                                  
l.3 ...ª–µ–Ω–∏–µ –ø—Ä–µ–æ–±—Ä–∞–∑–æ–≤–∞–Ω–∏–π –§—É
                                                  —Ä—å–µ}
You may provide a definition with
\DeclareUnicodeCharacter 


! LaTeX Error: Unicode character —Ä (U+0440)
               not set up for use with LaTeX.

See the LaTeX manual or LaTeX Companion for explanation.
Type  H <return>  for immediate help.
 ...                                              
                                                  
l.3 ...µ–Ω–∏–µ –ø—Ä–µ–æ–±—Ä–∞–∑–æ–≤–∞–Ω–∏–π –§—É—Ä
                                                  —å–µ}
You may provide a definition with
\DeclareUnicodeCharacter 


! LaTeX Error: Unicode character —å (U+044C)
               not set up for use with LaTeX.

See the LaTeX manual or LaTeX Companion for explanation.
Type  H <return>  for immediate help.
 ...                                              
                                                  
l.3 ...Ω–∏–µ –ø—Ä–µ–æ–±—Ä–∞–∑–æ–≤–∞–Ω–∏–π –§—É—Ä—å
                                                  –µ}
You may provide a definition with
\DeclareUnicodeCharacter 


! LaTeX Error: Unicode character –µ (U+0435)
               not set up for use with LaTeX.

See the LaTeX manual or LaTeX Companion for explanation.
Type  H <return>  for immediate help.
 ...                                              
                                                  
l.3 ...∏–µ –ø—Ä–µ–æ–±—Ä–∞–∑–æ–≤–∞–Ω–∏–π –§—É—Ä—å–µ
                                                  }
You may provide a definition with
\DeclareUnicodeCharacter 


! LaTeX Error: Missing \begin{document}.

See the LaTeX manual or LaTeX Companion for explanation.
Type  H <return>  for immediate help.
 ...                                              
                                                  
l.4 $
     F(\labmda) = \int_{-\infty}^{+\infty} \! f(t)e^{-2 \pi i \lambda} \,dt $
You're in trouble here.  Try typing  <return>  to proceed.
If that doesn't work, type  X <return>  to quit.

LaTeX Font Info:    External font `cmex10' loaded for size
(Font)              <7> on input line 4.
LaTeX Font Info:    External font `cmex10' loaded for size
(Font)              <5> on input line 4.
! Undefined control sequence.
l.4 $F(\labmda
              ) = \int_{-\infty}^{+\infty} \! f(t)e^{-2 \pi i \lambda} \,dt $
The control sequence at the end of the top line
of your error message was never \def'ed. If you have
misspelled it (e.g., `\hobx'), type `I' and the correct
spelling (e.g., `I\hbox'). Otherwise just continue,
and I'll forget about whatever was undefined.


! LaTeX Error: Unicode character –í (U+0412)
               not set up for use with LaTeX.

See the LaTeX manual or LaTeX Companion for explanation.
Type  H <return>  for immediate help.
 ...                                              
                                                  
l.5 –í
      —ã—á–∏—Å–ª–∏–º –ø—Ä–µ–æ–±—Ä–∞–∑–æ–≤–∞–Ω–∏–µ –§—É—Ä—å–µ –¥–ª—è —Ñ—É–Ω–∫...

You may provide a definition with
\DeclareUnicodeCharacter 


! LaTeX Error: Unicode character —ã (U+044B)
               not set up for use with LaTeX.

See the LaTeX manual or LaTeX Companion for explanation.
Type  H <return>  for immediate help.
 ...                                              
                                                  
l.5 –í—ã
        —á–∏—Å–ª–∏–º –ø—Ä–µ–æ–±—Ä–∞–∑–æ–≤–∞–Ω–∏–µ –§—É—Ä—å–µ –¥–ª—è —Ñ—É–Ω–∫...

You may provide a definition with
\DeclareUnicodeCharacter 


! LaTeX Error: Unicode character —á (U+0447)
               not set up for use with LaTeX.

See the LaTeX manual or LaTeX Companion for explanation.
Type  H <return>  for immediate help.
 ...                                              
                                                  
l.5 –í—ã—á
          –∏—Å–ª–∏–º –ø—Ä–µ–æ–±—Ä–∞–∑–æ–≤–∞–Ω–∏–µ –§—É—Ä—å–µ –¥–ª—è —Ñ—É–Ω–∫...

You may provide a definition with
\DeclareUnicodeCharacter 


! LaTeX Error: Unicode character –∏ (U+0438)
               not set up for use with LaTeX.

See the LaTeX manual or LaTeX Companion for explanation.
Type  H <return>  for immediate help.
 ...                                              
                                                  
l.5 –í—ã—á–∏
            —Å–ª–∏–º –ø—Ä–µ–æ–±—Ä–∞–∑–æ–≤–∞–Ω–∏–µ –§—É—Ä—å–µ –¥–ª—è —Ñ—É–Ω–∫...

You may provide a definition with
\DeclareUnicodeCharacter 


! LaTeX Error: Unicode character —Å (U+0441)
               not set up for use with LaTeX.

See the LaTeX manual or LaTeX Companion for explanation.
Type  H <return>  for immediate help.
 ...                                              
                                                  
l.5 –í—ã—á–∏—Å
              –ª–∏–º –ø—Ä–µ–æ–±—Ä–∞–∑–æ–≤–∞–Ω–∏–µ –§—É—Ä—å–µ –¥–ª—è —Ñ—É–Ω–∫...

You may provide a definition with
\DeclareUnicodeCharacter 


! LaTeX Error: Unicode character –ª (U+043B)
               not set up for use with LaTeX.

See the LaTeX manual or LaTeX Companion for explanation.
Type  H <return>  for immediate help.
 ...                                              
                                                  
l.5 –í—ã—á–∏—Å–ª
                –∏–º –ø—Ä–µ–æ–±—Ä–∞–∑–æ–≤–∞–Ω–∏–µ –§—É—Ä—å–µ –¥–ª—è —Ñ—É–Ω–∫...

You may provide a definition with
\DeclareUnicodeCharacter 


! LaTeX Error: Unicode character –∏ (U+0438)
               not set up for use with LaTeX.

See the LaTeX manual or LaTeX Companion for explanation.
Type  H <return>  for immediate help.
 ...                                              
                                                  
l.5 –í—ã—á–∏—Å–ª–∏
                  –º –ø—Ä–µ–æ–±—Ä–∞–∑–æ–≤–∞–Ω–∏–µ –§—É—Ä—å–µ –¥–ª—è —Ñ—É–Ω–∫...

You may provide a definition with
\DeclareUnicodeCharacter 


! LaTeX Error: Unicode character –º (U+043C)
               not set up for use with LaTeX.

See the LaTeX manual or LaTeX Companion for explanation.
Type  H <return>  for immediate help.
 ...                                              
                                                  
l.5 –í—ã—á–∏—Å–ª–∏–º
                     –ø—Ä–µ–æ–±—Ä–∞–∑–æ–≤–∞–Ω–∏–µ –§—É—Ä—å–µ –¥–ª—è —Ñ—É–Ω–∫...

You may provide a definition with
\DeclareUnicodeCharacter 


! LaTeX Error: Unicode character –ø (U+043F)
               not set up for use with LaTeX.

See the LaTeX manual or LaTeX Companion for explanation.
Type  H <return>  for immediate help.
 ...                                              
                                                  
l.5 –í—ã—á–∏—Å–ª–∏–º –ø
                       —Ä–µ–æ–±—Ä–∞–∑–æ–≤–∞–Ω–∏–µ –§—É—Ä—å–µ –¥–ª—è —Ñ—É–Ω–∫...

You may provide a definition with
\DeclareUnicodeCharacter 


! LaTeX Error: Unicode character —Ä (U+0440)
               not set up for use with LaTeX.

See the LaTeX manual or LaTeX Companion for explanation.
Type  H <return>  for immediate help.
 ...                                              
                                                  
l.5 –í—ã—á–∏—Å–ª–∏–º –ø—Ä
                         –µ–æ–±—Ä–∞–∑–æ–≤–∞–Ω–∏–µ –§—É—Ä—å–µ –¥–ª—è —Ñ—É–Ω–∫...

You may provide a definition with
\DeclareUnicodeCharacter 


! LaTeX Error: Unicode character –µ (U+0435)
               not set up for use with LaTeX.

See the LaTeX manual or LaTeX Companion for explanation.
Type  H <return>  for immediate help.
 ...                                              
                                                  
l.5 –í—ã—á–∏—Å–ª–∏–º –ø—Ä–µ
                           –æ–±—Ä–∞–∑–æ–≤–∞–Ω–∏–µ –§—É—Ä—å–µ –¥–ª—è —Ñ—É–Ω–∫...

You may provide a definition with
\DeclareUnicodeCharacter 


! LaTeX Error: Unicode character –æ (U+043E)
               not set up for use with LaTeX.

See the LaTeX manual or LaTeX Companion for explanation.
Type  H <return>  for immediate help.
 ...                                              
                                                  
l.5 –í—ã—á–∏—Å–ª–∏–º –ø—Ä–µ–æ
                             –±—Ä–∞–∑–æ–≤–∞–Ω–∏–µ –§—É—Ä—å–µ –¥–ª—è —Ñ—É–Ω–∫...

You may provide a definition with
\DeclareUnicodeCharacter 


! LaTeX Error: Unicode character –± (U+0431)
               not set up for use with LaTeX.

See the LaTeX manual or LaTeX Companion for explanation.
Type  H <return>  for immediate help.
 ...                                              
                                                  
l.5 –í—ã—á–∏—Å–ª–∏–º –ø—Ä–µ–æ–±
                               —Ä–∞–∑–æ–≤–∞–Ω–∏–µ –§—É—Ä—å–µ –¥–ª—è —Ñ—É–Ω–∫...

You may provide a definition with
\DeclareUnicodeCharacter 


! LaTeX Error: Unicode character —Ä (U+0440)
               not set up for use with LaTeX.

See the LaTeX manual or LaTeX Companion for explanation.
Type  H <return>  for immediate help.
 ...                                              
                                                  
l.5 –í—ã—á–∏—Å–ª–∏–º –ø—Ä–µ–æ–±—Ä
                                 –∞–∑–æ–≤–∞–Ω–∏–µ –§—É—Ä—å–µ –¥–ª—è —Ñ—É–Ω–∫...

You may provide a definition with
\DeclareUnicodeCharacter 


! LaTeX Error: Unicode character –∞ (U+0430)
               not set up for use with LaTeX.

See the LaTeX manual or LaTeX Companion for explanation.
Type  H <return>  for immediate help.
 ...                                              
                                                  
l.5 –í—ã—á–∏—Å–ª–∏–º –ø—Ä–µ–æ–±—Ä–∞
                                   –∑–æ–≤–∞–Ω–∏–µ –§—É—Ä—å–µ –¥–ª—è —Ñ—É–Ω–∫...

You may provide a definition with
\DeclareUnicodeCharacter 


! LaTeX Error: Unicode character –∑ (U+0437)
               not set up for use with LaTeX.

See the LaTeX manual or LaTeX Companion for explanation.
Type  H <return>  for immediate help.
 ...                                              
                                                  
l.5 –í—ã—á–∏—Å–ª–∏–º –ø—Ä–µ–æ–±—Ä–∞–∑
                                     –æ–≤–∞–Ω–∏–µ –§—É—Ä—å–µ –¥–ª—è —Ñ—É–Ω–∫...

You may provide a definition with
\DeclareUnicodeCharacter 


! LaTeX Error: Unicode character –æ (U+043E)
               not set up for use with LaTeX.

See the LaTeX manual or LaTeX Companion for explanation.
Type  H <return>  for immediate help.
 ...                                              
                                                  
l.5 –í—ã—á–∏—Å–ª–∏–º –ø—Ä–µ–æ–±—Ä–∞–∑–æ
                                       –≤–∞–Ω–∏–µ –§—É—Ä—å–µ –¥–ª—è —Ñ—É–Ω–∫...

You may provide a definition with
\DeclareUnicodeCharacter 


! LaTeX Error: Unicode character –≤ (U+0432)
               not set up for use with LaTeX.

See the LaTeX manual or LaTeX Companion for explanation.
Type  H <return>  for immediate help.
 ...                                              
                                                  
l.5 –í—ã—á–∏—Å–ª–∏–º –ø—Ä–µ–æ–±—Ä–∞–∑–æ–≤
                                         –∞–Ω–∏–µ –§—É—Ä—å–µ –¥–ª—è —Ñ—É–Ω–∫...

You may provide a definition with
\DeclareUnicodeCharacter 


! LaTeX Error: Unicode character –∞ (U+0430)
               not set up for use with LaTeX.

See the LaTeX manual or LaTeX Companion for explanation.
Type  H <return>  for immediate help.
 ...                                              
                                                  
l.5 –í—ã—á–∏—Å–ª–∏–º –ø—Ä–µ–æ–±—Ä–∞–∑–æ–≤–∞
                                           –Ω–∏–µ –§—É—Ä—å–µ –¥–ª—è —Ñ—É–Ω–∫...

You may provide a definition with
\DeclareUnicodeCharacter 


! LaTeX Error: Unicode character –Ω (U+043D)
               not set up for use with LaTeX.

See the LaTeX manual or LaTeX Companion for explanation.
Type  H <return>  for immediate help.
 ...                                              
                                                  
l.5 –í—ã—á–∏—Å–ª–∏–º –ø—Ä–µ–æ–±—Ä–∞–∑–æ–≤–∞–Ω
                                             –∏–µ –§—É—Ä—å–µ –¥–ª—è —Ñ—É–Ω–∫...

You may provide a definition with
\DeclareUnicodeCharacter 


! LaTeX Error: Unicode character –∏ (U+0438)
               not set up for use with LaTeX.

See the LaTeX manual or LaTeX Companion for explanation.
Type  H <return>  for immediate help.
 ...                                              
                                                  
l.5 –í—ã—á–∏—Å–ª–∏–º –ø—Ä–µ–æ–±—Ä–∞–∑–æ–≤–∞–Ω–∏
                                               –µ –§—É—Ä—å–µ –¥–ª—è —Ñ—É–Ω–∫...

You may provide a definition with
\DeclareUnicodeCharacter 


! LaTeX Error: Unicode character –µ (U+0435)
               not set up for use with LaTeX.

See the LaTeX manual or LaTeX Companion for explanation.
Type  H <return>  for immediate help.
 ...                                              
                                                  
l.5 –í—ã—á–∏—Å–ª–∏–º –ø—Ä–µ–æ–±—Ä–∞–∑–æ–≤–∞–Ω–∏–µ
                                                  –§—É—Ä—å–µ –¥–ª—è —Ñ—É–Ω–∫...

You may provide a definition with
\DeclareUnicodeCharacter 


! LaTeX Error: Unicode character –§ (U+0424)
               not set up for use with LaTeX.

See the LaTeX manual or LaTeX Companion for explanation.
Type  H <return>  for immediate help.
 ...                                              
                                                  
l.5 ...á–∏—Å–ª–∏–º –ø—Ä–µ–æ–±—Ä–∞–∑–æ–≤–∞–Ω–∏–µ –§
                                                  —É—Ä—å–µ –¥–ª—è —Ñ—É–Ω–∫—Ü...

You may provide a definition with
\DeclareUnicodeCharacter 


! LaTeX Error: Unicode character —É (U+0443)
               not set up for use with LaTeX.

See the LaTeX manual or LaTeX Companion for explanation.
Type  H <return>  for immediate help.
 ...                                              
                                                  
l.5 ...∏—Å–ª–∏–º –ø—Ä–µ–æ–±—Ä–∞–∑–æ–≤–∞–Ω–∏–µ –§—É
                                                  —Ä—å–µ –¥–ª—è —Ñ—É–Ω–∫—Ü–∏...

You may provide a definition with
\DeclareUnicodeCharacter 


! LaTeX Error: Unicode character —Ä (U+0440)
               not set up for use with LaTeX.

See the LaTeX manual or LaTeX Companion for explanation.
Type  H <return>  for immediate help.
 ...                                              
                                                  
l.5 ...Å–ª–∏–º –ø—Ä–µ–æ–±—Ä–∞–∑–æ–≤–∞–Ω–∏–µ –§—É—Ä
                                                  —å–µ –¥–ª—è —Ñ—É–Ω–∫—Ü–∏–∏...

You may provide a definition with
\DeclareUnicodeCharacter 


! LaTeX Error: Unicode character —å (U+044C)
               not set up for use with LaTeX.

See the LaTeX manual or LaTeX Companion for explanation.
Type  H <return>  for immediate help.
 ...                                              
                                                  
l.5 ...ª–∏–º –ø—Ä–µ–æ–±—Ä–∞–∑–æ–≤–∞–Ω–∏–µ –§—É—Ä—å
                                                  –µ –¥–ª—è —Ñ—É–Ω–∫—Ü–∏–∏ $...

You may provide a definition with
\DeclareUnicodeCharacter 


! LaTeX Error: Unicode character –µ (U+0435)
               not set up for use with LaTeX.

See the LaTeX manual or LaTeX Companion for explanation.
Type  H <return>  for immediate help.
 ...                                              
                                                  
l.5 ...∏–º –ø—Ä–µ–æ–±—Ä–∞–∑–æ–≤–∞–Ω–∏–µ –§—É—Ä—å–µ
                                                   –¥–ª—è —Ñ—É–Ω–∫—Ü–∏–∏ $ f...

You may provide a definition with
\DeclareUnicodeCharacter 


! LaTeX Error: Unicode character –¥ (U+0434)
               not set up for use with LaTeX.

See the LaTeX manual or LaTeX Companion for explanation.
Type  H <return>  for immediate help.
 ...                                              
                                                  
l.5 ... –ø—Ä–µ–æ–±—Ä–∞–∑–æ–≤–∞–Ω–∏–µ –§—É—Ä—å–µ –¥
                                                  –ª—è —Ñ—É–Ω–∫—Ü–∏–∏ $ f_1(x)$

You may provide a definition with
\DeclareUnicodeCharacter 


! LaTeX Error: Unicode character –ª (U+043B)
               not set up for use with LaTeX.

See the LaTeX manual or LaTeX Companion for explanation.
Type  H <return>  for immediate help.
 ...                                              
                                                  
l.5 ...ø—Ä–µ–æ–±—Ä–∞–∑–æ–≤–∞–Ω–∏–µ –§—É—Ä—å–µ –¥–ª
                                                  —è —Ñ—É–Ω–∫—Ü–∏–∏ $ f_1(x)$
You may provide a definition with
\DeclareUnicodeCharacter 


! LaTeX Error: Unicode character —è (U+044F)
               not set up for use with LaTeX.

See the LaTeX manual or LaTeX Companion for explanation.
Type  H <return>  for immediate help.
 ...                                              
                                                  
l.5 ...Ä–µ–æ–±—Ä–∞–∑–æ–≤–∞–Ω–∏–µ –§—É—Ä—å–µ –¥–ª—è
                                                   —Ñ—É–Ω–∫—Ü–∏–∏ $ f_1(x)$
You may provide a definition with
\DeclareUnicodeCharacter 


! LaTeX Error: Unicode character —Ñ (U+0444)
               not set up for use with LaTeX.

See the LaTeX manual or LaTeX Companion for explanation.
Type  H <return>  for immediate help.
 ...                                              
                                                  
l.5 ...–æ–±—Ä–∞–∑–æ–≤–∞–Ω–∏–µ –§—É—Ä—å–µ –¥–ª—è —Ñ
                                                  —É–Ω–∫—Ü–∏–∏ $ f_1(x)$
You may provide a definition with
\DeclareUnicodeCharacter 


! LaTeX Error: Unicode character —É (U+0443)
               not set up for use with LaTeX.

See the LaTeX manual or LaTeX Companion for explanation.
Type  H <return>  for immediate help.
 ...                                              
                                                  
l.5 ...–±—Ä–∞–∑–æ–≤–∞–Ω–∏–µ –§—É—Ä—å–µ –¥–ª—è —Ñ—É
                                                  –Ω–∫—Ü–∏–∏ $ f_1(x)$
You may provide a definition with
\DeclareUnicodeCharacter 


! LaTeX Error: Unicode character –Ω (U+043D)
               not set up for use with LaTeX.

See the LaTeX manual or LaTeX Companion for explanation.
Type  H <return>  for immediate help.
 ...                                              
                                                  
l.5 ...—Ä–∞–∑–æ–≤–∞–Ω–∏–µ –§—É—Ä—å–µ –¥–ª—è —Ñ—É–Ω
                                                  –∫—Ü–∏–∏ $ f_1(x)$
You may provide a definition with
\DeclareUnicodeCharacter 


! LaTeX Error: Unicode character –∫ (U+043A)
               not set up for use with LaTeX.

See the LaTeX manual or LaTeX Companion for explanation.
Type  H <return>  for immediate help.
 ...                                              
                                                  
l.5 ...–∞–∑–æ–≤–∞–Ω–∏–µ –§—É—Ä—å–µ –¥–ª—è —Ñ—É–Ω–∫
                                                  —Ü–∏–∏ $ f_1(x)$
You may provide a definition with
\DeclareUnicodeCharacter 


! LaTeX Error: Unicode character —Ü (U+0446)
               not set up for use with LaTeX.

See the LaTeX manual or LaTeX Companion for explanation.
Type  H <return>  for immediate help.
 ...                                              
                                                  
l.5 ...–∑–æ–≤–∞–Ω–∏–µ –§—É—Ä—å–µ –¥–ª—è —Ñ—É–Ω–∫—Ü
                                                  –∏–∏ $ f_1(x)$
You may provide a definition with
\DeclareUnicodeCharacter 


! LaTeX Error: Unicode character –∏ (U+0438)
               not set up for use with LaTeX.

See the LaTeX manual or LaTeX Companion for explanation.
Type  H <return>  for immediate help.
 ...                                              
                                                  
l.5 ...–æ–≤–∞–Ω–∏–µ –§—É—Ä—å–µ –¥–ª—è —Ñ—É–Ω–∫—Ü–∏
                                                  –∏ $ f_1(x)$
You may provide a definition with
\DeclareUnicodeCharacter 


! LaTeX Error: Unicode character –∏ (U+0438)
               not set up for use with LaTeX.

See the LaTeX manual or LaTeX Companion for explanation.
Type  H <return>  for immediate help.
 ...                                              
                                                  
l.5 ...–≤–∞–Ω–∏–µ –§—É—Ä—å–µ –¥–ª—è —Ñ—É–Ω–∫—Ü–∏–∏
                                                   $ f_1(x)$
You may provide a definition with
\DeclareUnicodeCharacter 

)
! Emergency stop.
<*> 2-mceliece.tex
                  
*** (job aborted, no legal \end found)

 
Here is how much of TeX's memory you used:
 43 strings out of 478353
 559 string characters out of 5854635
 295989 words of memory out of 5000000
 18271 multiletter control sequences out of 15000+600000
 403430 words of font info for 27 fonts, out of 8000000 for 9000
 1141 hyphenation exceptions out of 8191
 18i,2n,12p,120b,56s stack positions out of 5000i,500n,10000p,200000b,80000s
!  ==> Fatal error occurred, no output PDF file produced!
