This is pdfTeX, Version 3.141592653-2.6-1.40.23 (TeX Live 2021/Arch Linux) (preloaded format=pdflatex 2022.1.12)  11 MAR 2022 19:38
entering extended mode
 restricted \write18 enabled.
 %&-line parsing enabled.
**3-mcelice-key-space.tex
(./3-mcelice-key-space.tex
LaTeX2e <2021-11-15> patch level 1
L3 programming layer <2021-11-22>
! Undefined control sequence.
l.3 \section
            {–≠—Ñ—Ñ–µ–∫—Ç –Ω–∞–ª–æ–∂–µ–Ω–∏—è —Å–ø–µ–∫—Ç—Ä–∞}
The control sequence at the end of the top line
of your error message was never \def'ed. If you have
misspelled it (e.g., `\hobx'), type `I' and the correct
spelling (e.g., `I\hbox'). Otherwise just continue,
and I'll forget about whatever was undefined.


! LaTeX Error: Unicode character –≠ (U+042D)
               not set up for use with LaTeX.

See the LaTeX manual or LaTeX Companion for explanation.
Type  H <return>  for immediate help.
 ...                                              
                                                  
l.3 \section{–≠
               —Ñ—Ñ–µ–∫—Ç –Ω–∞–ª–æ–∂–µ–Ω–∏—è —Å–ø–µ–∫—Ç—Ä–∞}
You may provide a definition with
\DeclareUnicodeCharacter 


! LaTeX Error: Unicode character —Ñ (U+0444)
               not set up for use with LaTeX.

See the LaTeX manual or LaTeX Companion for explanation.
Type  H <return>  for immediate help.
 ...                                              
                                                  
l.3 \section{–≠—Ñ
                 —Ñ–µ–∫—Ç –Ω–∞–ª–æ–∂–µ–Ω–∏—è —Å–ø–µ–∫—Ç—Ä–∞}
You may provide a definition with
\DeclareUnicodeCharacter 


! LaTeX Error: Unicode character —Ñ (U+0444)
               not set up for use with LaTeX.

See the LaTeX manual or LaTeX Companion for explanation.
Type  H <return>  for immediate help.
 ...                                              
                                                  
l.3 \section{–≠—Ñ—Ñ
                   –µ–∫—Ç –Ω–∞–ª–æ–∂–µ–Ω–∏—è —Å–ø–µ–∫—Ç—Ä–∞}
You may provide a definition with
\DeclareUnicodeCharacter 


! LaTeX Error: Unicode character –µ (U+0435)
               not set up for use with LaTeX.

See the LaTeX manual or LaTeX Companion for explanation.
Type  H <return>  for immediate help.
 ...                                              
                                                  
l.3 \section{–≠—Ñ—Ñ–µ
                     –∫—Ç –Ω–∞–ª–æ–∂–µ–Ω–∏—è —Å–ø–µ–∫—Ç—Ä–∞}
You may provide a definition with
\DeclareUnicodeCharacter 


! LaTeX Error: Unicode character –∫ (U+043A)
               not set up for use with LaTeX.

See the LaTeX manual or LaTeX Companion for explanation.
Type  H <return>  for immediate help.
 ...                                              
                                                  
l.3 \section{–≠—Ñ—Ñ–µ–∫
                       —Ç –Ω–∞–ª–æ–∂–µ–Ω–∏—è —Å–ø–µ–∫—Ç—Ä–∞}
You may provide a definition with
\DeclareUnicodeCharacter 


! LaTeX Error: Unicode character —Ç (U+0442)
               not set up for use with LaTeX.

See the LaTeX manual or LaTeX Companion for explanation.
Type  H <return>  for immediate help.
 ...                                              
                                                  
l.3 \section{–≠—Ñ—Ñ–µ–∫—Ç
                          –Ω–∞–ª–æ–∂–µ–Ω–∏—è —Å–ø–µ–∫—Ç—Ä–∞}
You may provide a definition with
\DeclareUnicodeCharacter 


! LaTeX Error: Unicode character –Ω (U+043D)
               not set up for use with LaTeX.

See the LaTeX manual or LaTeX Companion for explanation.
Type  H <return>  for immediate help.
 ...                                              
                                                  
l.3 \section{–≠—Ñ—Ñ–µ–∫—Ç –Ω
                            –∞–ª–æ–∂–µ–Ω–∏—è —Å–ø–µ–∫—Ç—Ä–∞}
You may provide a definition with
\DeclareUnicodeCharacter 


! LaTeX Error: Unicode character –∞ (U+0430)
               not set up for use with LaTeX.

See the LaTeX manual or LaTeX Companion for explanation.
Type  H <return>  for immediate help.
 ...                                              
                                                  
l.3 \section{–≠—Ñ—Ñ–µ–∫—Ç –Ω–∞
                              –ª–æ–∂–µ–Ω–∏—è —Å–ø–µ–∫—Ç—Ä–∞}
You may provide a definition with
\DeclareUnicodeCharacter 


! LaTeX Error: Unicode character –ª (U+043B)
               not set up for use with LaTeX.

See the LaTeX manual or LaTeX Companion for explanation.
Type  H <return>  for immediate help.
 ...                                              
                                                  
l.3 \section{–≠—Ñ—Ñ–µ–∫—Ç –Ω–∞–ª
                                –æ–∂–µ–Ω–∏—è —Å–ø–µ–∫—Ç—Ä–∞}
You may provide a definition with
\DeclareUnicodeCharacter 


! LaTeX Error: Unicode character –æ (U+043E)
               not set up for use with LaTeX.

See the LaTeX manual or LaTeX Companion for explanation.
Type  H <return>  for immediate help.
 ...                                              
                                                  
l.3 \section{–≠—Ñ—Ñ–µ–∫—Ç –Ω–∞–ª–æ
                                  –∂–µ–Ω–∏—è —Å–ø–µ–∫—Ç—Ä–∞}
You may provide a definition with
\DeclareUnicodeCharacter 


! LaTeX Error: Unicode character –∂ (U+0436)
               not set up for use with LaTeX.

See the LaTeX manual or LaTeX Companion for explanation.
Type  H <return>  for immediate help.
 ...                                              
                                                  
l.3 \section{–≠—Ñ—Ñ–µ–∫—Ç –Ω–∞–ª–æ–∂
                                    –µ–Ω–∏—è —Å–ø–µ–∫—Ç—Ä–∞}
You may provide a definition with
\DeclareUnicodeCharacter 


! LaTeX Error: Unicode character –µ (U+0435)
               not set up for use with LaTeX.

See the LaTeX manual or LaTeX Companion for explanation.
Type  H <return>  for immediate help.
 ...                                              
                                                  
l.3 \section{–≠—Ñ—Ñ–µ–∫—Ç –Ω–∞–ª–æ–∂–µ
                                      –Ω–∏—è —Å–ø–µ–∫—Ç—Ä–∞}
You may provide a definition with
\DeclareUnicodeCharacter 


! LaTeX Error: Unicode character –Ω (U+043D)
               not set up for use with LaTeX.

See the LaTeX manual or LaTeX Companion for explanation.
Type  H <return>  for immediate help.
 ...                                              
                                                  
l.3 \section{–≠—Ñ—Ñ–µ–∫—Ç –Ω–∞–ª–æ–∂–µ–Ω
                                        –∏—è —Å–ø–µ–∫—Ç—Ä–∞}
You may provide a definition with
\DeclareUnicodeCharacter 


! LaTeX Error: Unicode character –∏ (U+0438)
               not set up for use with LaTeX.

See the LaTeX manual or LaTeX Companion for explanation.
Type  H <return>  for immediate help.
 ...                                              
                                                  
l.3 \section{–≠—Ñ—Ñ–µ–∫—Ç –Ω–∞–ª–æ–∂–µ–Ω–∏
                                          —è —Å–ø–µ–∫—Ç—Ä–∞}
You may provide a definition with
\DeclareUnicodeCharacter 


! LaTeX Error: Unicode character —è (U+044F)
               not set up for use with LaTeX.

See the LaTeX manual or LaTeX Companion for explanation.
Type  H <return>  for immediate help.
 ...                                              
                                                  
l.3 \section{–≠—Ñ—Ñ–µ–∫—Ç –Ω–∞–ª–æ–∂–µ–Ω–∏—è
                                             —Å–ø–µ–∫—Ç—Ä–∞}
You may provide a definition with
\DeclareUnicodeCharacter 


! LaTeX Error: Unicode character —Å (U+0441)
               not set up for use with LaTeX.

See the LaTeX manual or LaTeX Companion for explanation.
Type  H <return>  for immediate help.
 ...                                              
                                                  
l.3 \section{–≠—Ñ—Ñ–µ–∫—Ç –Ω–∞–ª–æ–∂–µ–Ω–∏—è —Å
                                               –ø–µ–∫—Ç—Ä–∞}
You may provide a definition with
\DeclareUnicodeCharacter 


! LaTeX Error: Unicode character –ø (U+043F)
               not set up for use with LaTeX.

See the LaTeX manual or LaTeX Companion for explanation.
Type  H <return>  for immediate help.
 ...                                              
                                                  
l.3 \section{–≠—Ñ—Ñ–µ–∫—Ç –Ω–∞–ª–æ–∂–µ–Ω–∏—è —Å–ø
                                                 –µ–∫—Ç—Ä–∞}
You may provide a definition with
\DeclareUnicodeCharacter 


! LaTeX Error: Unicode character –µ (U+0435)
               not set up for use with LaTeX.

See the LaTeX manual or LaTeX Companion for explanation.
Type  H <return>  for immediate help.
 ...                                              
                                                  
l.3 ...tion{–≠—Ñ—Ñ–µ–∫—Ç –Ω–∞–ª–æ–∂–µ–Ω–∏—è —Å–ø–µ
                                                  –∫—Ç—Ä–∞}
You may provide a definition with
\DeclareUnicodeCharacter 


! LaTeX Error: Unicode character –∫ (U+043A)
               not set up for use with LaTeX.

See the LaTeX manual or LaTeX Companion for explanation.
Type  H <return>  for immediate help.
 ...                                              
                                                  
l.3 ...on{–≠—Ñ—Ñ–µ–∫—Ç –Ω–∞–ª–æ–∂–µ–Ω–∏—è —Å–ø–µ–∫
                                                  —Ç—Ä–∞}
You may provide a definition with
\DeclareUnicodeCharacter 


! LaTeX Error: Unicode character —Ç (U+0442)
               not set up for use with LaTeX.

See the LaTeX manual or LaTeX Companion for explanation.
Type  H <return>  for immediate help.
 ...                                              
                                                  
l.3 ...{–≠—Ñ—Ñ–µ–∫—Ç –Ω–∞–ª–æ–∂–µ–Ω–∏—è —Å–ø–µ–∫—Ç
                                                  —Ä–∞}
You may provide a definition with
\DeclareUnicodeCharacter 


! LaTeX Error: Unicode character —Ä (U+0440)
               not set up for use with LaTeX.

See the LaTeX manual or LaTeX Companion for explanation.
Type  H <return>  for immediate help.
 ...                                              
                                                  
l.3 ...≠—Ñ—Ñ–µ–∫—Ç –Ω–∞–ª–æ–∂–µ–Ω–∏—è —Å–ø–µ–∫—Ç—Ä
                                                  –∞}
You may provide a definition with
\DeclareUnicodeCharacter 


! LaTeX Error: Unicode character –∞ (U+0430)
               not set up for use with LaTeX.

See the LaTeX manual or LaTeX Companion for explanation.
Type  H <return>  for immediate help.
 ...                                              
                                                  
l.3 ...Ñ—Ñ–µ–∫—Ç –Ω–∞–ª–æ–∂–µ–Ω–∏—è —Å–ø–µ–∫—Ç—Ä–∞
                                                  }
You may provide a definition with
\DeclareUnicodeCharacter 


! LaTeX Error: Unicode character –ù (U+041D)
               not set up for use with LaTeX.

See the LaTeX manual or LaTeX Companion for explanation.
Type  H <return>  for immediate help.
 ...                                              
                                                  
l.4 –ù
      –∞–ª–æ–∂–µ–Ω–∏–µ —Å–ø–µ–∫—Ç—Ä–∞ –≤–æ–∑–Ω–∏–∫–∞–µ—Ç –∏–∑-–∑–∞ –∫–æ–Ω–µ—...

You may provide a definition with
\DeclareUnicodeCharacter 


! LaTeX Error: Unicode character –∞ (U+0430)
               not set up for use with LaTeX.

See the LaTeX manual or LaTeX Companion for explanation.
Type  H <return>  for immediate help.
 ...                                              
                                                  
l.4 –ù–∞
        –ª–æ–∂–µ–Ω–∏–µ —Å–ø–µ–∫—Ç—Ä–∞ –≤–æ–∑–Ω–∏–∫–∞–µ—Ç –∏–∑-–∑–∞ –∫–æ–Ω–µ—...

You may provide a definition with
\DeclareUnicodeCharacter 


! LaTeX Error: Unicode character –ª (U+043B)
               not set up for use with LaTeX.

See the LaTeX manual or LaTeX Companion for explanation.
Type  H <return>  for immediate help.
 ...                                              
                                                  
l.4 –ù–∞–ª
          –æ–∂–µ–Ω–∏–µ —Å–ø–µ–∫—Ç—Ä–∞ –≤–æ–∑–Ω–∏–∫–∞–µ—Ç –∏–∑-–∑–∞ –∫–æ–Ω–µ—...

You may provide a definition with
\DeclareUnicodeCharacter 


! LaTeX Error: Unicode character –æ (U+043E)
               not set up for use with LaTeX.

See the LaTeX manual or LaTeX Companion for explanation.
Type  H <return>  for immediate help.
 ...                                              
                                                  
l.4 –ù–∞–ª–æ
            –∂–µ–Ω–∏–µ —Å–ø–µ–∫—Ç—Ä–∞ –≤–æ–∑–Ω–∏–∫–∞–µ—Ç –∏–∑-–∑–∞ –∫–æ–Ω–µ—...

You may provide a definition with
\DeclareUnicodeCharacter 


! LaTeX Error: Unicode character –∂ (U+0436)
               not set up for use with LaTeX.

See the LaTeX manual or LaTeX Companion for explanation.
Type  H <return>  for immediate help.
 ...                                              
                                                  
l.4 –ù–∞–ª–æ–∂
              –µ–Ω–∏–µ —Å–ø–µ–∫—Ç—Ä–∞ –≤–æ–∑–Ω–∏–∫–∞–µ—Ç –∏–∑-–∑–∞ –∫–æ–Ω–µ—...

You may provide a definition with
\DeclareUnicodeCharacter 


! LaTeX Error: Unicode character –µ (U+0435)
               not set up for use with LaTeX.

See the LaTeX manual or LaTeX Companion for explanation.
Type  H <return>  for immediate help.
 ...                                              
                                                  
l.4 –ù–∞–ª–æ–∂–µ
                –Ω–∏–µ —Å–ø–µ–∫—Ç—Ä–∞ –≤–æ–∑–Ω–∏–∫–∞–µ—Ç –∏–∑-–∑–∞ –∫–æ–Ω–µ—...

You may provide a definition with
\DeclareUnicodeCharacter 


! LaTeX Error: Unicode character –Ω (U+043D)
               not set up for use with LaTeX.

See the LaTeX manual or LaTeX Companion for explanation.
Type  H <return>  for immediate help.
 ...                                              
                                                  
l.4 –ù–∞–ª–æ–∂–µ–Ω
                  –∏–µ —Å–ø–µ–∫—Ç—Ä–∞ –≤–æ–∑–Ω–∏–∫–∞–µ—Ç –∏–∑-–∑–∞ –∫–æ–Ω–µ—...

You may provide a definition with
\DeclareUnicodeCharacter 


! LaTeX Error: Unicode character –∏ (U+0438)
               not set up for use with LaTeX.

See the LaTeX manual or LaTeX Companion for explanation.
Type  H <return>  for immediate help.
 ...                                              
                                                  
l.4 –ù–∞–ª–æ–∂–µ–Ω–∏
                    –µ —Å–ø–µ–∫—Ç—Ä–∞ –≤–æ–∑–Ω–∏–∫–∞–µ—Ç –∏–∑-–∑–∞ –∫–æ–Ω–µ—...

You may provide a definition with
\DeclareUnicodeCharacter 


! LaTeX Error: Unicode character –µ (U+0435)
               not set up for use with LaTeX.

See the LaTeX manual or LaTeX Companion for explanation.
Type  H <return>  for immediate help.
 ...                                              
                                                  
l.4 –ù–∞–ª–æ–∂–µ–Ω–∏–µ
                       —Å–ø–µ–∫—Ç—Ä–∞ –≤–æ–∑–Ω–∏–∫–∞–µ—Ç –∏–∑-–∑–∞ –∫–æ–Ω–µ—...

You may provide a definition with
\DeclareUnicodeCharacter 


! LaTeX Error: Unicode character —Å (U+0441)
               not set up for use with LaTeX.

See the LaTeX manual or LaTeX Companion for explanation.
Type  H <return>  for immediate help.
 ...                                              
                                                  
l.4 –ù–∞–ª–æ–∂–µ–Ω–∏–µ —Å
                         –ø–µ–∫—Ç—Ä–∞ –≤–æ–∑–Ω–∏–∫–∞–µ—Ç –∏–∑-–∑–∞ –∫–æ–Ω–µ—...

You may provide a definition with
\DeclareUnicodeCharacter 


! LaTeX Error: Unicode character –ø (U+043F)
               not set up for use with LaTeX.

See the LaTeX manual or LaTeX Companion for explanation.
Type  H <return>  for immediate help.
 ...                                              
                                                  
l.4 –ù–∞–ª–æ–∂–µ–Ω–∏–µ —Å–ø
                           –µ–∫—Ç—Ä–∞ –≤–æ–∑–Ω–∏–∫–∞–µ—Ç –∏–∑-–∑–∞ –∫–æ–Ω–µ—...

You may provide a definition with
\DeclareUnicodeCharacter 


! LaTeX Error: Unicode character –µ (U+0435)
               not set up for use with LaTeX.

See the LaTeX manual or LaTeX Companion for explanation.
Type  H <return>  for immediate help.
 ...                                              
                                                  
l.4 –ù–∞–ª–æ–∂–µ–Ω–∏–µ —Å–ø–µ
                             –∫—Ç—Ä–∞ –≤–æ–∑–Ω–∏–∫–∞–µ—Ç –∏–∑-–∑–∞ –∫–æ–Ω–µ—...

You may provide a definition with
\DeclareUnicodeCharacter 


! LaTeX Error: Unicode character –∫ (U+043A)
               not set up for use with LaTeX.

See the LaTeX manual or LaTeX Companion for explanation.
Type  H <return>  for immediate help.
 ...                                              
                                                  
l.4 –ù–∞–ª–æ–∂–µ–Ω–∏–µ —Å–ø–µ–∫
                               —Ç—Ä–∞ –≤–æ–∑–Ω–∏–∫–∞–µ—Ç –∏–∑-–∑–∞ –∫–æ–Ω–µ—...

You may provide a definition with
\DeclareUnicodeCharacter 


! LaTeX Error: Unicode character —Ç (U+0442)
               not set up for use with LaTeX.

See the LaTeX manual or LaTeX Companion for explanation.
Type  H <return>  for immediate help.
 ...                                              
                                                  
l.4 –ù–∞–ª–æ–∂–µ–Ω–∏–µ —Å–ø–µ–∫—Ç
                                 —Ä–∞ –≤–æ–∑–Ω–∏–∫–∞–µ—Ç –∏–∑-–∑–∞ –∫–æ–Ω–µ—...

You may provide a definition with
\DeclareUnicodeCharacter 


! LaTeX Error: Unicode character —Ä (U+0440)
               not set up for use with LaTeX.

See the LaTeX manual or LaTeX Companion for explanation.
Type  H <return>  for immediate help.
 ...                                              
                                                  
l.4 –ù–∞–ª–æ–∂–µ–Ω–∏–µ —Å–ø–µ–∫—Ç—Ä
                                   –∞ –≤–æ–∑–Ω–∏–∫–∞–µ—Ç –∏–∑-–∑–∞ –∫–æ–Ω–µ—...

You may provide a definition with
\DeclareUnicodeCharacter 


! LaTeX Error: Unicode character –∞ (U+0430)
               not set up for use with LaTeX.

See the LaTeX manual or LaTeX Companion for explanation.
Type  H <return>  for immediate help.
 ...                                              
                                                  
l.4 –ù–∞–ª–æ–∂–µ–Ω–∏–µ —Å–ø–µ–∫—Ç—Ä–∞
                                      –≤–æ–∑–Ω–∏–∫–∞–µ—Ç –∏–∑-–∑–∞ –∫–æ–Ω–µ—...

You may provide a definition with
\DeclareUnicodeCharacter 


! LaTeX Error: Unicode character –≤ (U+0432)
               not set up for use with LaTeX.

See the LaTeX manual or LaTeX Companion for explanation.
Type  H <return>  for immediate help.
 ...                                              
                                                  
l.4 –ù–∞–ª–æ–∂–µ–Ω–∏–µ —Å–ø–µ–∫—Ç—Ä–∞ –≤
                                        –æ–∑–Ω–∏–∫–∞–µ—Ç –∏–∑-–∑–∞ –∫–æ–Ω–µ—...

You may provide a definition with
\DeclareUnicodeCharacter 


! LaTeX Error: Unicode character –æ (U+043E)
               not set up for use with LaTeX.

See the LaTeX manual or LaTeX Companion for explanation.
Type  H <return>  for immediate help.
 ...                                              
                                                  
l.4 –ù–∞–ª–æ–∂–µ–Ω–∏–µ —Å–ø–µ–∫—Ç—Ä–∞ –≤–æ
                                          –∑–Ω–∏–∫–∞–µ—Ç –∏–∑-–∑–∞ –∫–æ–Ω–µ—...

You may provide a definition with
\DeclareUnicodeCharacter 


! LaTeX Error: Unicode character –∑ (U+0437)
               not set up for use with LaTeX.

See the LaTeX manual or LaTeX Companion for explanation.
Type  H <return>  for immediate help.
 ...                                              
                                                  
l.4 –ù–∞–ª–æ–∂–µ–Ω–∏–µ —Å–ø–µ–∫—Ç—Ä–∞ –≤–æ–∑
                                            –Ω–∏–∫–∞–µ—Ç –∏–∑-–∑–∞ –∫–æ–Ω–µ—...

You may provide a definition with
\DeclareUnicodeCharacter 


! LaTeX Error: Unicode character –Ω (U+043D)
               not set up for use with LaTeX.

See the LaTeX manual or LaTeX Companion for explanation.
Type  H <return>  for immediate help.
 ...                                              
                                                  
l.4 –ù–∞–ª–æ–∂–µ–Ω–∏–µ —Å–ø–µ–∫—Ç—Ä–∞ –≤–æ–∑–Ω
                                              –∏–∫–∞–µ—Ç –∏–∑-–∑–∞ –∫–æ–Ω–µ—...

You may provide a definition with
\DeclareUnicodeCharacter 


! LaTeX Error: Unicode character –∏ (U+0438)
               not set up for use with LaTeX.

See the LaTeX manual or LaTeX Companion for explanation.
Type  H <return>  for immediate help.
 ...                                              
                                                  
l.4 –ù–∞–ª–æ–∂–µ–Ω–∏–µ —Å–ø–µ–∫—Ç—Ä–∞ –≤–æ–∑–Ω–∏
                                                –∫–∞–µ—Ç –∏–∑-–∑–∞ –∫–æ–Ω–µ—...

You may provide a definition with
\DeclareUnicodeCharacter 


! LaTeX Error: Unicode character –∫ (U+043A)
               not set up for use with LaTeX.

See the LaTeX manual or LaTeX Companion for explanation.
Type  H <return>  for immediate help.
 ...                                              
                                                  
l.4 –ù–∞–ª–æ–∂–µ–Ω–∏–µ —Å–ø–µ–∫—Ç—Ä–∞ –≤–æ–∑–Ω–∏–∫
                                                  –∞–µ—Ç –∏–∑-–∑–∞ –∫–æ–Ω–µ—...

You may provide a definition with
\DeclareUnicodeCharacter 


! LaTeX Error: Unicode character –∞ (U+0430)
               not set up for use with LaTeX.

See the LaTeX manual or LaTeX Companion for explanation.
Type  H <return>  for immediate help.
 ...                                              
                                                  
l.4 ...ª–æ–∂–µ–Ω–∏–µ —Å–ø–µ–∫—Ç—Ä–∞ –≤–æ–∑–Ω–∏–∫–∞
                                                  –µ—Ç –∏–∑-–∑–∞ –∫–æ–Ω–µ—á–...

You may provide a definition with
\DeclareUnicodeCharacter 


! LaTeX Error: Unicode character –µ (U+0435)
               not set up for use with LaTeX.

See the LaTeX manual or LaTeX Companion for explanation.
Type  H <return>  for immediate help.
 ...                                              
                                                  
l.4 ...æ–∂–µ–Ω–∏–µ —Å–ø–µ–∫—Ç—Ä–∞ –≤–æ–∑–Ω–∏–∫–∞–µ
                                                  —Ç –∏–∑-–∑–∞ –∫–æ–Ω–µ—á–Ω–...

You may provide a definition with
\DeclareUnicodeCharacter 


! LaTeX Error: Unicode character —Ç (U+0442)
               not set up for use with LaTeX.

See the LaTeX manual or LaTeX Companion for explanation.
Type  H <return>  for immediate help.
 ...                                              
                                                  
l.4 ...∂–µ–Ω–∏–µ —Å–ø–µ–∫—Ç—Ä–∞ –≤–æ–∑–Ω–∏–∫–∞–µ—Ç
                                                   –∏–∑-–∑–∞ –∫–æ–Ω–µ—á–Ω–æ–...

You may provide a definition with
\DeclareUnicodeCharacter 


! LaTeX Error: Unicode character –∏ (U+0438)
               not set up for use with LaTeX.

See the LaTeX manual or LaTeX Companion for explanation.
Type  H <return>  for immediate help.
 ...                                              
                                                  
l.4 ...–Ω–∏–µ —Å–ø–µ–∫—Ç—Ä–∞ –≤–æ–∑–Ω–∏–∫–∞–µ—Ç –∏
                                                  –∑-–∑–∞ –∫–æ–Ω–µ—á–Ω–æ–π –...

You may provide a definition with
\DeclareUnicodeCharacter 


! LaTeX Error: Unicode character –∑ (U+0437)
               not set up for use with LaTeX.

See the LaTeX manual or LaTeX Companion for explanation.
Type  H <return>  for immediate help.
 ...                                              
                                                  
l.4 ...–∏–µ —Å–ø–µ–∫—Ç—Ä–∞ –≤–æ–∑–Ω–∏–∫–∞–µ—Ç –∏–∑
                                                  -–∑–∞ –∫–æ–Ω–µ—á–Ω–æ–π –¥–...

You may provide a definition with
\DeclareUnicodeCharacter 


! LaTeX Error: Missing \begin{document}.

See the LaTeX manual or LaTeX Companion for explanation.
Type  H <return>  for immediate help.
 ...                                              
                                                  
l.4 ...∏–µ —Å–ø–µ–∫—Ç—Ä–∞ –≤–æ–∑–Ω–∏–∫–∞–µ—Ç –∏–∑-
                                                  –∑–∞ –∫–æ–Ω–µ—á–Ω–æ–π –¥–ª...

You're in trouble here.  Try typing  <return>  to proceed.
If that doesn't work, type  X <return>  to quit.

Missing character: There is no - in font nullfont!

! LaTeX Error: Unicode character –∑ (U+0437)
               not set up for use with LaTeX.

See the LaTeX manual or LaTeX Companion for explanation.
Type  H <return>  for immediate help.
 ...                                              
                                                  
l.4 ...µ —Å–ø–µ–∫—Ç—Ä–∞ –≤–æ–∑–Ω–∏–∫–∞–µ—Ç –∏–∑-–∑
                                                  –∞ –∫–æ–Ω–µ—á–Ω–æ–π –¥–ª–∏...

You may provide a definition with
\DeclareUnicodeCharacter 


! LaTeX Error: Unicode character –∞ (U+0430)
               not set up for use with LaTeX.

See the LaTeX manual or LaTeX Companion for explanation.
Type  H <return>  for immediate help.
 ...                                              
                                                  
l.4 ...—Å–ø–µ–∫—Ç—Ä–∞ –≤–æ–∑–Ω–∏–∫–∞–µ—Ç –∏–∑-–∑–∞
                                                   –∫–æ–Ω–µ—á–Ω–æ–π –¥–ª–∏–Ω...

You may provide a definition with
\DeclareUnicodeCharacter 


! LaTeX Error: Unicode character –∫ (U+043A)
               not set up for use with LaTeX.

See the LaTeX manual or LaTeX Companion for explanation.
Type  H <return>  for immediate help.
 ...                                              
                                                  
l.4 ...ø–µ–∫—Ç—Ä–∞ –≤–æ–∑–Ω–∏–∫–∞–µ—Ç –∏–∑-–∑–∞ –∫
                                                  –æ–Ω–µ—á–Ω–æ–π –¥–ª–∏–Ω—ã ...

You may provide a definition with
\DeclareUnicodeCharacter 


! LaTeX Error: Unicode character –æ (U+043E)
               not set up for use with LaTeX.

See the LaTeX manual or LaTeX Companion for explanation.
Type  H <return>  for immediate help.
 ...                                              
                                                  
l.4 ...µ–∫—Ç—Ä–∞ –≤–æ–∑–Ω–∏–∫–∞–µ—Ç –∏–∑-–∑–∞ –∫–æ
                                                  –Ω–µ—á–Ω–æ–π –¥–ª–∏–Ω—ã –≤...

You may provide a definition with
\DeclareUnicodeCharacter 


! LaTeX Error: Unicode character –Ω (U+043D)
               not set up for use with LaTeX.

See the LaTeX manual or LaTeX Companion for explanation.
Type  H <return>  for immediate help.
 ...                                              
                                                  
l.4 ...∫—Ç—Ä–∞ –≤–æ–∑–Ω–∏–∫–∞–µ—Ç –∏–∑-–∑–∞ –∫–æ–Ω
                                                  –µ—á–Ω–æ–π –¥–ª–∏–Ω—ã –≤—ã...

You may provide a definition with
\DeclareUnicodeCharacter 


! LaTeX Error: Unicode character –µ (U+0435)
               not set up for use with LaTeX.

See the LaTeX manual or LaTeX Companion for explanation.
Type  H <return>  for immediate help.
 ...                                              
                                                  
l.4 ...Ç—Ä–∞ –≤–æ–∑–Ω–∏–∫–∞–µ—Ç –∏–∑-–∑–∞ –∫–æ–Ω–µ
                                                  —á–Ω–æ–π –¥–ª–∏–Ω—ã –≤—ã–±...

You may provide a definition with
\DeclareUnicodeCharacter 


! LaTeX Error: Unicode character —á (U+0447)
               not set up for use with LaTeX.

See the LaTeX manual or LaTeX Companion for explanation.
Type  H <return>  for immediate help.
 ...                                              
                                                  
l.4 ...Ä–∞ –≤–æ–∑–Ω–∏–∫–∞–µ—Ç –∏–∑-–∑–∞ –∫–æ–Ω–µ—á
                                                  –Ω–æ–π –¥–ª–∏–Ω—ã –≤—ã–±–æ...

You may provide a definition with
\DeclareUnicodeCharacter 


! LaTeX Error: Unicode character –Ω (U+043D)
               not set up for use with LaTeX.

See the LaTeX manual or LaTeX Companion for explanation.
Type  H <return>  for immediate help.
 ...                                              
                                                  
l.4 ...∞ –≤–æ–∑–Ω–∏–∫–∞–µ—Ç –∏–∑-–∑–∞ –∫–æ–Ω–µ—á–Ω
                                                  –æ–π –¥–ª–∏–Ω—ã –≤—ã–±–æ—Ä...

You may provide a definition with
\DeclareUnicodeCharacter 


! LaTeX Error: Unicode character –æ (U+043E)
               not set up for use with LaTeX.

See the LaTeX manual or LaTeX Companion for explanation.
Type  H <return>  for immediate help.
 ...                                              
                                                  
l.4 ...–≤–æ–∑–Ω–∏–∫–∞–µ—Ç –∏–∑-–∑–∞ –∫–æ–Ω–µ—á–Ω–æ
                                                  –π –¥–ª–∏–Ω—ã –≤—ã–±–æ—Ä–∫...

You may provide a definition with
\DeclareUnicodeCharacter 


! LaTeX Error: Unicode character –π (U+0439)
               not set up for use with LaTeX.

See the LaTeX manual or LaTeX Companion for explanation.
Type  H <return>  for immediate help.
 ...                                              
                                                  
l.4 ...–æ–∑–Ω–∏–∫–∞–µ—Ç –∏–∑-–∑–∞ –∫–æ–Ω–µ—á–Ω–æ–π
                                                   –¥–ª–∏–Ω—ã –≤—ã–±–æ—Ä–∫–∏...

You may provide a definition with
\DeclareUnicodeCharacter 


! LaTeX Error: Unicode character –¥ (U+0434)
               not set up for use with LaTeX.

See the LaTeX manual or LaTeX Companion for explanation.
Type  H <return>  for immediate help.
 ...                                              
                                                  
l.4 ...∑–Ω–∏–∫–∞–µ—Ç –∏–∑-–∑–∞ –∫–æ–Ω–µ—á–Ω–æ–π –¥
                                                  –ª–∏–Ω—ã –≤—ã–±–æ—Ä–∫–∏ —Å...

You may provide a definition with
\DeclareUnicodeCharacter 


! LaTeX Error: Unicode character –ª (U+043B)
               not set up for use with LaTeX.

See the LaTeX manual or LaTeX Companion for explanation.
Type  H <return>  for immediate help.
 ...                                              
                                                  
l.4 ...Ω–∏–∫–∞–µ—Ç –∏–∑-–∑–∞ –∫–æ–Ω–µ—á–Ω–æ–π –¥–ª
                                                  –∏–Ω—ã –≤—ã–±–æ—Ä–∫–∏ —Å–∏...

You may provide a definition with
\DeclareUnicodeCharacter 


! LaTeX Error: Unicode character –∏ (U+0438)
               not set up for use with LaTeX.

See the LaTeX manual or LaTeX Companion for explanation.
Type  H <return>  for immediate help.
 ...                                              
                                                  
l.4 ...∏–∫–∞–µ—Ç –∏–∑-–∑–∞ –∫–æ–Ω–µ—á–Ω–æ–π –¥–ª–∏
                                                  –Ω—ã –≤—ã–±–æ—Ä–∫–∏ —Å–∏–≥...

You may provide a definition with
\DeclareUnicodeCharacter 


! LaTeX Error: Unicode character –Ω (U+043D)
               not set up for use with LaTeX.

See the LaTeX manual or LaTeX Companion for explanation.
Type  H <return>  for immediate help.
 ...                                              
                                                  
l.4 ...∫–∞–µ—Ç –∏–∑-–∑–∞ –∫–æ–Ω–µ—á–Ω–æ–π –¥–ª–∏–Ω
                                                  —ã –≤—ã–±–æ—Ä–∫–∏ —Å–∏–≥–Ω...

You may provide a definition with
\DeclareUnicodeCharacter 


! LaTeX Error: Unicode character —ã (U+044B)
               not set up for use with LaTeX.

See the LaTeX manual or LaTeX Companion for explanation.
Type  H <return>  for immediate help.
 ...                                              
                                                  
l.4 ...∞–µ—Ç –∏–∑-–∑–∞ –∫–æ–Ω–µ—á–Ω–æ–π –¥–ª–∏–Ω—ã
                                                   –≤—ã–±–æ—Ä–∫–∏ —Å–∏–≥–Ω–∞...

You may provide a definition with
\DeclareUnicodeCharacter 


! LaTeX Error: Unicode character –≤ (U+0432)
               not set up for use with LaTeX.

See the LaTeX manual or LaTeX Companion for explanation.
Type  H <return>  for immediate help.
 ...                                              
                                                  
l.4 ...—Ç –∏–∑-–∑–∞ –∫–æ–Ω–µ—á–Ω–æ–π –¥–ª–∏–Ω—ã –≤
                                                  —ã–±–æ—Ä–∫–∏ —Å–∏–≥–Ω–∞–ª–...

You may provide a definition with
\DeclareUnicodeCharacter 


! LaTeX Error: Unicode character —ã (U+044B)
               not set up for use with LaTeX.

See the LaTeX manual or LaTeX Companion for explanation.
Type  H <return>  for immediate help.
 ...                                              
                                                  
l.4 ... –∏–∑-–∑–∞ –∫–æ–Ω–µ—á–Ω–æ–π –¥–ª–∏–Ω—ã –≤—ã
                                                  –±–æ—Ä–∫–∏ —Å–∏–≥–Ω–∞–ª–∞....

You may provide a definition with
\DeclareUnicodeCharacter 


! LaTeX Error: Unicode character –± (U+0431)
               not set up for use with LaTeX.

See the LaTeX manual or LaTeX Companion for explanation.
Type  H <return>  for immediate help.
 ...                                              
                                                  
l.4 ...∏–∑-–∑–∞ –∫–æ–Ω–µ—á–Ω–æ–π –¥–ª–∏–Ω—ã –≤—ã–±
                                                  –æ—Ä–∫–∏ —Å–∏–≥–Ω–∞–ª–∞. –...

You may provide a definition with
\DeclareUnicodeCharacter 


! LaTeX Error: Unicode character –æ (U+043E)
               not set up for use with LaTeX.

See the LaTeX manual or LaTeX Companion for explanation.
Type  H <return>  for immediate help.
 ...                                              
                                                  
l.4 ...∑-–∑–∞ –∫–æ–Ω–µ—á–Ω–æ–π –¥–ª–∏–Ω—ã –≤—ã–±–æ
                                                  —Ä–∫–∏ —Å–∏–≥–Ω–∞–ª–∞. –ï—...

You may provide a definition with
\DeclareUnicodeCharacter 


! LaTeX Error: Unicode character —Ä (U+0440)
               not set up for use with LaTeX.

See the LaTeX manual or LaTeX Companion for explanation.
Type  H <return>  for immediate help.
 ...                                              
                                                  
l.4 ...–∑–∞ –∫–æ–Ω–µ—á–Ω–æ–π –¥–ª–∏–Ω—ã –≤—ã–±–æ—Ä
                                                  –∫–∏ —Å–∏–≥–Ω–∞–ª–∞. –ï—Å–...

You may provide a definition with
\DeclareUnicodeCharacter 


! LaTeX Error: Unicode character –∫ (U+043A)
               not set up for use with LaTeX.

See the LaTeX manual or LaTeX Companion for explanation.
Type  H <return>  for immediate help.
 ...                                              
                                                  
l.4 ...–∞ –∫–æ–Ω–µ—á–Ω–æ–π –¥–ª–∏–Ω—ã –≤—ã–±–æ—Ä–∫
                                                  –∏ —Å–∏–≥–Ω–∞–ª–∞. –ï—Å–ª–...

You may provide a definition with
\DeclareUnicodeCharacter 


! LaTeX Error: Unicode character –∏ (U+0438)
               not set up for use with LaTeX.

See the LaTeX manual or LaTeX Companion for explanation.
Type  H <return>  for immediate help.
 ...                                              
                                                  
l.4 ... –∫–æ–Ω–µ—á–Ω–æ–π –¥–ª–∏–Ω—ã –≤—ã–±–æ—Ä–∫–∏
                                                   —Å–∏–≥–Ω–∞–ª–∞. –ï—Å–ª–∏ ...

You may provide a definition with
\DeclareUnicodeCharacter 


! LaTeX Error: Unicode character —Å (U+0441)
               not set up for use with LaTeX.

See the LaTeX manual or LaTeX Companion for explanation.
Type  H <return>  for immediate help.
 ...                                              
                                                  
l.4 ...–æ–Ω–µ—á–Ω–æ–π –¥–ª–∏–Ω—ã –≤—ã–±–æ—Ä–∫–∏ —Å
                                                  –∏–≥–Ω–∞–ª–∞. –ï—Å–ª–∏ —á–...

You may provide a definition with
\DeclareUnicodeCharacter 


! LaTeX Error: Unicode character –∏ (U+0438)
               not set up for use with LaTeX.

See the LaTeX manual or LaTeX Companion for explanation.
Type  H <return>  for immediate help.
 ...                                              
                                                  
l.4 ...–Ω–µ—á–Ω–æ–π –¥–ª–∏–Ω—ã –≤—ã–±–æ—Ä–∫–∏ —Å–∏
                                                  –≥–Ω–∞–ª–∞. –ï—Å–ª–∏ —á–∞—...

You may provide a definition with
\DeclareUnicodeCharacter 


! LaTeX Error: Unicode character –≥ (U+0433)
               not set up for use with LaTeX.

See the LaTeX manual or LaTeX Companion for explanation.
Type  H <return>  for immediate help.
 ...                                              
                                                  
l.4 ...–µ—á–Ω–æ–π –¥–ª–∏–Ω—ã –≤—ã–±–æ—Ä–∫–∏ —Å–∏–≥
                                                  –Ω–∞–ª–∞. –ï—Å–ª–∏ —á–∞—Å—...

You may provide a definition with
\DeclareUnicodeCharacter 


! LaTeX Error: Unicode character –Ω (U+043D)
               not set up for use with LaTeX.

See the LaTeX manual or LaTeX Companion for explanation.
Type  H <return>  for immediate help.
 ...                                              
                                                  
l.4 ...—á–Ω–æ–π –¥–ª–∏–Ω—ã –≤—ã–±–æ—Ä–∫–∏ —Å–∏–≥–Ω
                                                  –∞–ª–∞. –ï—Å–ª–∏ —á–∞—Å—Ç–...

You may provide a definition with
\DeclareUnicodeCharacter 


! LaTeX Error: Unicode character –∞ (U+0430)
               not set up for use with LaTeX.

See the LaTeX manual or LaTeX Companion for explanation.
Type  H <return>  for immediate help.
 ...                                              
                                                  
l.4 ...–Ω–æ–π –¥–ª–∏–Ω—ã –≤—ã–±–æ—Ä–∫–∏ —Å–∏–≥–Ω–∞
                                                  –ª–∞. –ï—Å–ª–∏ —á–∞—Å—Ç–æ—Ç–∞

You may provide a definition with
\DeclareUnicodeCharacter 


! LaTeX Error: Unicode character –ª (U+043B)
               not set up for use with LaTeX.

See the LaTeX manual or LaTeX Companion for explanation.
Type  H <return>  for immediate help.
 ...                                              
                                                  
l.4 ...–æ–π –¥–ª–∏–Ω—ã –≤—ã–±–æ—Ä–∫–∏ —Å–∏–≥–Ω–∞–ª
                                                  –∞. –ï—Å–ª–∏ —á–∞—Å—Ç–æ—Ç–∞
You may provide a definition with
\DeclareUnicodeCharacter 


! LaTeX Error: Unicode character –∞ (U+0430)
               not set up for use with LaTeX.

See the LaTeX manual or LaTeX Companion for explanation.
Type  H <return>  for immediate help.
 ...                                              
                                                  
l.4 ...–π –¥–ª–∏–Ω—ã –≤—ã–±–æ—Ä–∫–∏ —Å–∏–≥–Ω–∞–ª–∞
                                                  . –ï—Å–ª–∏ —á–∞—Å—Ç–æ—Ç–∞
You may provide a definition with
\DeclareUnicodeCharacter 

Missing character: There is no . in font nullfont!

! LaTeX Error: Unicode character –ï (U+0415)
               not set up for use with LaTeX.

See the LaTeX manual or LaTeX Companion for explanation.
Type  H <return>  for immediate help.
 ...                                              
                                                  
l.4 ...¥–ª–∏–Ω—ã –≤—ã–±–æ—Ä–∫–∏ —Å–∏–≥–Ω–∞–ª–∞. –ï
                                                  —Å–ª–∏ —á–∞—Å—Ç–æ—Ç–∞
You may provide a definition with
\DeclareUnicodeCharacter 


! LaTeX Error: Unicode character —Å (U+0441)
               not set up for use with LaTeX.

See the LaTeX manual or LaTeX Companion for explanation.
Type  H <return>  for immediate help.
 ...                                              
                                                  
l.4 ...ª–∏–Ω—ã –≤—ã–±–æ—Ä–∫–∏ —Å–∏–≥–Ω–∞–ª–∞. –ï—Å
                                                  –ª–∏ —á–∞—Å—Ç–æ—Ç–∞
You may provide a definition with
\DeclareUnicodeCharacter 


! LaTeX Error: Unicode character –ª (U+043B)
               not set up for use with LaTeX.

See the LaTeX manual or LaTeX Companion for explanation.
Type  H <return>  for immediate help.
 ...                                              
                                                  
l.4 ...∏–Ω—ã –≤—ã–±–æ—Ä–∫–∏ —Å–∏–≥–Ω–∞–ª–∞. –ï—Å–ª
                                                  –∏ —á–∞—Å—Ç–æ—Ç–∞
You may provide a definition with
\DeclareUnicodeCharacter 


! LaTeX Error: Unicode character –∏ (U+0438)
               not set up for use with LaTeX.

See the LaTeX manual or LaTeX Companion for explanation.
Type  H <return>  for immediate help.
 ...                                              
                                                  
l.4 ...Ω—ã –≤—ã–±–æ—Ä–∫–∏ —Å–∏–≥–Ω–∞–ª–∞. –ï—Å–ª–∏
                                                   —á–∞—Å—Ç–æ—Ç–∞
You may provide a definition with
\DeclareUnicodeCharacter 


! LaTeX Error: Unicode character —á (U+0447)
               not set up for use with LaTeX.

See the LaTeX manual or LaTeX Companion for explanation.
Type  H <return>  for immediate help.
 ...                                              
                                                  
l.4 ... –≤—ã–±–æ—Ä–∫–∏ —Å–∏–≥–Ω–∞–ª–∞. –ï—Å–ª–∏ —á
                                                  –∞—Å—Ç–æ—Ç–∞
You may provide a definition with
\DeclareUnicodeCharacter 


! LaTeX Error: Unicode character –∞ (U+0430)
               not set up for use with LaTeX.

See the LaTeX manual or LaTeX Companion for explanation.
Type  H <return>  for immediate help.
 ...                                              
                                                  
l.4 ...≤—ã–±–æ—Ä–∫–∏ —Å–∏–≥–Ω–∞–ª–∞. –ï—Å–ª–∏ —á–∞
                                                  —Å—Ç–æ—Ç–∞
You may provide a definition with
\DeclareUnicodeCharacter 


! LaTeX Error: Unicode character —Å (U+0441)
               not set up for use with LaTeX.

See the LaTeX manual or LaTeX Companion for explanation.
Type  H <return>  for immediate help.
 ...                                              
                                                  
l.4 ...ã–±–æ—Ä–∫–∏ —Å–∏–≥–Ω–∞–ª–∞. –ï—Å–ª–∏ —á–∞—Å
                                                  —Ç–æ—Ç–∞
You may provide a definition with
\DeclareUnicodeCharacter 


! LaTeX Error: Unicode character —Ç (U+0442)
               not set up for use with LaTeX.

See the LaTeX manual or LaTeX Companion for explanation.
Type  H <return>  for immediate help.
 ...                                              
                                                  
l.4 ...±–æ—Ä–∫–∏ —Å–∏–≥–Ω–∞–ª–∞. –ï—Å–ª–∏ —á–∞—Å—Ç
                                                  –æ—Ç–∞
You may provide a definition with
\DeclareUnicodeCharacter 


! LaTeX Error: Unicode character –æ (U+043E)
               not set up for use with LaTeX.

See the LaTeX manual or LaTeX Companion for explanation.
Type  H <return>  for immediate help.
 ...                                              
                                                  
l.4 ...æ—Ä–∫–∏ —Å–∏–≥–Ω–∞–ª–∞. –ï—Å–ª–∏ —á–∞—Å—Ç–æ
                                                  —Ç–∞
You may provide a definition with
\DeclareUnicodeCharacter 


! LaTeX Error: Unicode character —Ç (U+0442)
               not set up for use with LaTeX.

See the LaTeX manual or LaTeX Companion for explanation.
Type  H <return>  for immediate help.
 ...                                              
                                                  
l.4 ...Ä–∫–∏ —Å–∏–≥–Ω–∞–ª–∞. –ï—Å–ª–∏ —á–∞—Å—Ç–æ—Ç
                                                  –∞
You may provide a definition with
\DeclareUnicodeCharacter 


! LaTeX Error: Unicode character –∞ (U+0430)
               not set up for use with LaTeX.

See the LaTeX manual or LaTeX Companion for explanation.
Type  H <return>  for immediate help.
 ...                                              
                                                  
l.4 ...∫–∏ —Å–∏–≥–Ω–∞–ª–∞. –ï—Å–ª–∏ —á–∞—Å—Ç–æ—Ç–∞
                                                  
You may provide a definition with
\DeclareUnicodeCharacter 


! LaTeX Error: Unicode character –ù (U+041D)
               not set up for use with LaTeX.

See the LaTeX manual or LaTeX Companion for explanation.
Type  H <return>  for immediate help.
 ...                                              
                                                  
l.5 –ù
      –∞–π–∫–≤–∏—Å—Ç–∞ $\lambda_N$ –Ω–∞ –≤—ã–±—Ä–∞–Ω–Ω–æ–π —Å–µ—Ç–∫–µ –º–µ–Ω...

You may provide a definition with
\DeclareUnicodeCharacter 


! LaTeX Error: Unicode character –∞ (U+0430)
               not set up for use with LaTeX.

See the LaTeX manual or LaTeX Companion for explanation.
Type  H <return>  for immediate help.
 ...                                              
                                                  
l.5 –ù–∞
        –π–∫–≤–∏—Å—Ç–∞ $\lambda_N$ –Ω–∞ –≤—ã–±—Ä–∞–Ω–Ω–æ–π —Å–µ—Ç–∫–µ –º–µ–Ω...

You may provide a definition with
\DeclareUnicodeCharacter 


! LaTeX Error: Unicode character –π (U+0439)
               not set up for use with LaTeX.

See the LaTeX manual or LaTeX Companion for explanation.
Type  H <return>  for immediate help.
 ...                                              
                                                  
l.5 –ù–∞–π
          –∫–≤–∏—Å—Ç–∞ $\lambda_N$ –Ω–∞ –≤—ã–±—Ä–∞–Ω–Ω–æ–π —Å–µ—Ç–∫–µ –º–µ–Ω...

You may provide a definition with
\DeclareUnicodeCharacter 


! LaTeX Error: Unicode character –∫ (U+043A)
               not set up for use with LaTeX.

See the LaTeX manual or LaTeX Companion for explanation.
Type  H <return>  for immediate help.
 ...                                              
                                                  
l.5 –ù–∞–π–∫
            –≤–∏—Å—Ç–∞ $\lambda_N$ –Ω–∞ –≤—ã–±—Ä–∞–Ω–Ω–æ–π —Å–µ—Ç–∫–µ –º–µ–Ω...

You may provide a definition with
\DeclareUnicodeCharacter 


! LaTeX Error: Unicode character –≤ (U+0432)
               not set up for use with LaTeX.

See the LaTeX manual or LaTeX Companion for explanation.
Type  H <return>  for immediate help.
 ...                                              
                                                  
l.5 –ù–∞–π–∫–≤
              –∏—Å—Ç–∞ $\lambda_N$ –Ω–∞ –≤—ã–±—Ä–∞–Ω–Ω–æ–π —Å–µ—Ç–∫–µ –º–µ–Ω...

You may provide a definition with
\DeclareUnicodeCharacter 


! LaTeX Error: Unicode character –∏ (U+0438)
               not set up for use with LaTeX.

See the LaTeX manual or LaTeX Companion for explanation.
Type  H <return>  for immediate help.
 ...                                              
                                                  
l.5 –ù–∞–π–∫–≤–∏
                —Å—Ç–∞ $\lambda_N$ –Ω–∞ –≤—ã–±—Ä–∞–Ω–Ω–æ–π —Å–µ—Ç–∫–µ –º–µ–Ω...

You may provide a definition with
\DeclareUnicodeCharacter 


! LaTeX Error: Unicode character —Å (U+0441)
               not set up for use with LaTeX.

See the LaTeX manual or LaTeX Companion for explanation.
Type  H <return>  for immediate help.
 ...                                              
                                                  
l.5 –ù–∞–π–∫–≤–∏—Å
                  —Ç–∞ $\lambda_N$ –Ω–∞ –≤—ã–±—Ä–∞–Ω–Ω–æ–π —Å–µ—Ç–∫–µ –º–µ–Ω...

You may provide a definition with
\DeclareUnicodeCharacter 


! LaTeX Error: Unicode character —Ç (U+0442)
               not set up for use with LaTeX.

See the LaTeX manual or LaTeX Companion for explanation.
Type  H <return>  for immediate help.
 ...                                              
                                                  
l.5 –ù–∞–π–∫–≤–∏—Å—Ç
                    –∞ $\lambda_N$ –Ω–∞ –≤—ã–±—Ä–∞–Ω–Ω–æ–π —Å–µ—Ç–∫–µ –º–µ–Ω...

You may provide a definition with
\DeclareUnicodeCharacter 


! LaTeX Error: Unicode character –∞ (U+0430)
               not set up for use with LaTeX.

See the LaTeX manual or LaTeX Companion for explanation.
Type  H <return>  for immediate help.
 ...                                              
                                                  
l.5 –ù–∞–π–∫–≤–∏—Å—Ç–∞
                       $\lambda_N$ –Ω–∞ –≤—ã–±—Ä–∞–Ω–Ω–æ–π —Å–µ—Ç–∫–µ –º–µ–Ω...

You may provide a definition with
\DeclareUnicodeCharacter 

LaTeX Font Info:    External font `cmex10' loaded for size
(Font)              <7> on input line 5.
LaTeX Font Info:    External font `cmex10' loaded for size
(Font)              <5> on input line 5.

! LaTeX Error: Unicode character –Ω (U+043D)
               not set up for use with LaTeX.

See the LaTeX manual or LaTeX Companion for explanation.
Type  H <return>  for immediate help.
 ...                                              
                                                  
l.5 –ù–∞–π–∫–≤–∏—Å—Ç–∞ $\lambda_N$ –Ω
                                     –∞ –≤—ã–±—Ä–∞–Ω–Ω–æ–π —Å–µ—Ç–∫–µ –º–µ–Ω...

You may provide a definition with
\DeclareUnicodeCharacter 


! LaTeX Error: Unicode character –∞ (U+0430)
               not set up for use with LaTeX.

See the LaTeX manual or LaTeX Companion for explanation.
Type  H <return>  for immediate help.
 ...                                              
                                                  
l.5 –ù–∞–π–∫–≤–∏—Å—Ç–∞ $\lambda_N$ –Ω–∞
                                        –≤—ã–±—Ä–∞–Ω–Ω–æ–π —Å–µ—Ç–∫–µ –º–µ–Ω...

You may provide a definition with
\DeclareUnicodeCharacter 


! LaTeX Error: Unicode character –≤ (U+0432)
               not set up for use with LaTeX.

See the LaTeX manual or LaTeX Companion for explanation.
Type  H <return>  for immediate help.
 ...                                              
                                                  
l.5 –ù–∞–π–∫–≤–∏—Å—Ç–∞ $\lambda_N$ –Ω–∞ –≤
                                          —ã–±—Ä–∞–Ω–Ω–æ–π —Å–µ—Ç–∫–µ –º–µ–Ω...

You may provide a definition with
\DeclareUnicodeCharacter 


! LaTeX Error: Unicode character —ã (U+044B)
               not set up for use with LaTeX.

See the LaTeX manual or LaTeX Companion for explanation.
Type  H <return>  for immediate help.
 ...                                              
                                                  
l.5 –ù–∞–π–∫–≤–∏—Å—Ç–∞ $\lambda_N$ –Ω–∞ –≤—ã
                                            –±—Ä–∞–Ω–Ω–æ–π —Å–µ—Ç–∫–µ –º–µ–Ω...

You may provide a definition with
\DeclareUnicodeCharacter 


! LaTeX Error: Unicode character –± (U+0431)
               not set up for use with LaTeX.

See the LaTeX manual or LaTeX Companion for explanation.
Type  H <return>  for immediate help.
 ...                                              
                                                  
l.5 –ù–∞–π–∫–≤–∏—Å—Ç–∞ $\lambda_N$ –Ω–∞ –≤—ã–±
                                              —Ä–∞–Ω–Ω–æ–π —Å–µ—Ç–∫–µ –º–µ–Ω...

You may provide a definition with
\DeclareUnicodeCharacter 


! LaTeX Error: Unicode character —Ä (U+0440)
               not set up for use with LaTeX.

See the LaTeX manual or LaTeX Companion for explanation.
Type  H <return>  for immediate help.
 ...                                              
                                                  
l.5 –ù–∞–π–∫–≤–∏—Å—Ç–∞ $\lambda_N$ –Ω–∞ –≤—ã–±—Ä
                                                –∞–Ω–Ω–æ–π —Å–µ—Ç–∫–µ –º–µ–Ω...

You may provide a definition with
\DeclareUnicodeCharacter 


! LaTeX Error: Unicode character –∞ (U+0430)
               not set up for use with LaTeX.

See the LaTeX manual or LaTeX Companion for explanation.
Type  H <return>  for immediate help.
 ...                                              
                                                  
l.5 –ù–∞–π–∫–≤–∏—Å—Ç–∞ $\lambda_N$ –Ω–∞ –≤—ã–±—Ä–∞
                                                  –Ω–Ω–æ–π —Å–µ—Ç–∫–µ –º–µ–Ω...

You may provide a definition with
\DeclareUnicodeCharacter 


! LaTeX Error: Unicode character –Ω (U+043D)
               not set up for use with LaTeX.

See the LaTeX manual or LaTeX Companion for explanation.
Type  H <return>  for immediate help.
 ...                                              
                                                  
l.5 ...π–∫–≤–∏—Å—Ç–∞ $\lambda_N$ –Ω–∞ –≤—ã–±—Ä–∞–Ω
                                                  –Ω–æ–π —Å–µ—Ç–∫–µ –º–µ–Ω—å...

You may provide a definition with
\DeclareUnicodeCharacter 


! LaTeX Error: Unicode character –Ω (U+043D)
               not set up for use with LaTeX.

See the LaTeX manual or LaTeX Companion for explanation.
Type  H <return>  for immediate help.
 ...                                              
                                                  
l.5 ...∫–≤–∏—Å—Ç–∞ $\lambda_N$ –Ω–∞ –≤—ã–±—Ä–∞–Ω–Ω
                                                  –æ–π —Å–µ—Ç–∫–µ –º–µ–Ω—å—à...

You may provide a definition with
\DeclareUnicodeCharacter 


! LaTeX Error: Unicode character –æ (U+043E)
               not set up for use with LaTeX.

See the LaTeX manual or LaTeX Companion for explanation.
Type  H <return>  for immediate help.
 ...                                              
                                                  
l.5 ...≤–∏—Å—Ç–∞ $\lambda_N$ –Ω–∞ –≤—ã–±—Ä–∞–Ω–Ω–æ
                                                  –π —Å–µ—Ç–∫–µ –º–µ–Ω—å—à–µ...

You may provide a definition with
\DeclareUnicodeCharacter 


! LaTeX Error: Unicode character –π (U+0439)
               not set up for use with LaTeX.

See the LaTeX manual or LaTeX Companion for explanation.
Type  H <return>  for immediate help.
 ...                                              
                                                  
l.5 ...∏—Å—Ç–∞ $\lambda_N$ –Ω–∞ –≤—ã–±—Ä–∞–Ω–Ω–æ–π
                                                   —Å–µ—Ç–∫–µ –º–µ–Ω—å—à–µ –...

You may provide a definition with
\DeclareUnicodeCharacter 


! LaTeX Error: Unicode character —Å (U+0441)
               not set up for use with LaTeX.

See the LaTeX manual or LaTeX Companion for explanation.
Type  H <return>  for immediate help.
 ...                                              
                                                  
l.5 ...—Ç–∞ $\lambda_N$ –Ω–∞ –≤—ã–±—Ä–∞–Ω–Ω–æ–π —Å
                                                  –µ—Ç–∫–µ –º–µ–Ω—å—à–µ –≤–µ...

You may provide a definition with
\DeclareUnicodeCharacter 


! LaTeX Error: Unicode character –µ (U+0435)
               not set up for use with LaTeX.

See the LaTeX manual or LaTeX Companion for explanation.
Type  H <return>  for immediate help.
 ...                                              
                                                  
l.5 ...–∞ $\lambda_N$ –Ω–∞ –≤—ã–±—Ä–∞–Ω–Ω–æ–π —Å–µ
                                                  —Ç–∫–µ –º–µ–Ω—å—à–µ –≤–µ—Ä...

You may provide a definition with
\DeclareUnicodeCharacter 


! LaTeX Error: Unicode character —Ç (U+0442)
               not set up for use with LaTeX.

See the LaTeX manual or LaTeX Companion for explanation.
Type  H <return>  for immediate help.
 ...                                              
                                                  
l.5 ... $\lambda_N$ –Ω–∞ –≤—ã–±—Ä–∞–Ω–Ω–æ–π —Å–µ—Ç
                                                  –∫–µ –º–µ–Ω—å—à–µ –≤–µ—Ä—Ö...

You may provide a definition with
\DeclareUnicodeCharacter 


! LaTeX Error: Unicode character –∫ (U+043A)
               not set up for use with LaTeX.

See the LaTeX manual or LaTeX Companion for explanation.
Type  H <return>  for immediate help.
 ...                                              
                                                  
l.5 ...\lambda_N$ –Ω–∞ –≤—ã–±—Ä–∞–Ω–Ω–æ–π —Å–µ—Ç–∫
                                                  –µ –º–µ–Ω—å—à–µ –≤–µ—Ä—Ö–Ω...

You may provide a definition with
\DeclareUnicodeCharacter 


! LaTeX Error: Unicode character –µ (U+0435)
               not set up for use with LaTeX.

See the LaTeX manual or LaTeX Companion for explanation.
Type  H <return>  for immediate help.
 ...                                              
                                                  
l.5 ...ambda_N$ –Ω–∞ –≤—ã–±—Ä–∞–Ω–Ω–æ–π —Å–µ—Ç–∫–µ
                                                   –º–µ–Ω—å—à–µ –≤–µ—Ä—Ö–Ω–µ...

You may provide a definition with
\DeclareUnicodeCharacter 


! LaTeX Error: Unicode character –º (U+043C)
               not set up for use with LaTeX.

See the LaTeX manual or LaTeX Companion for explanation.
Type  H <return>  for immediate help.
 ...                                              
                                                  
l.5 ...da_N$ –Ω–∞ –≤—ã–±—Ä–∞–Ω–Ω–æ–π —Å–µ—Ç–∫–µ –º
                                                  –µ–Ω—å—à–µ –≤–µ—Ä—Ö–Ω–µ–π ...

You may provide a definition with
\DeclareUnicodeCharacter 


! LaTeX Error: Unicode character –µ (U+0435)
               not set up for use with LaTeX.

See the LaTeX manual or LaTeX Companion for explanation.
Type  H <return>  for immediate help.
 ...                                              
                                                  
l.5 ..._N$ –Ω–∞ –≤—ã–±—Ä–∞–Ω–Ω–æ–π —Å–µ—Ç–∫–µ –º–µ
                                                  –Ω—å—à–µ –≤–µ—Ä—Ö–Ω–µ–π –≥...

You may provide a definition with
\DeclareUnicodeCharacter 


! LaTeX Error: Unicode character –Ω (U+043D)
               not set up for use with LaTeX.

See the LaTeX manual or LaTeX Companion for explanation.
Type  H <return>  for immediate help.
 ...                                              
                                                  
l.5 ...$ –Ω–∞ –≤—ã–±—Ä–∞–Ω–Ω–æ–π —Å–µ—Ç–∫–µ –º–µ–Ω
                                                  —å—à–µ –≤–µ—Ä—Ö–Ω–µ–π –≥—Ä...

You may provide a definition with
\DeclareUnicodeCharacter 


! LaTeX Error: Unicode character —å (U+044C)
               not set up for use with LaTeX.

See the LaTeX manual or LaTeX Companion for explanation.
Type  H <return>  for immediate help.
 ...                                              
                                                  
l.5 ...–Ω–∞ –≤—ã–±—Ä–∞–Ω–Ω–æ–π —Å–µ—Ç–∫–µ –º–µ–Ω—å
                                                  —à–µ –≤–µ—Ä—Ö–Ω–µ–π –≥—Ä–∞...

You may provide a definition with
\DeclareUnicodeCharacter 


! LaTeX Error: Unicode character —à (U+0448)
               not set up for use with LaTeX.

See the LaTeX manual or LaTeX Companion for explanation.
Type  H <return>  for immediate help.
 ...                                              
                                                  
l.5 ...–∞ –≤—ã–±—Ä–∞–Ω–Ω–æ–π —Å–µ—Ç–∫–µ –º–µ–Ω—å—à
                                                  –µ –≤–µ—Ä—Ö–Ω–µ–π –≥—Ä–∞–Ω...

You may provide a definition with
\DeclareUnicodeCharacter 


! LaTeX Error: Unicode character –µ (U+0435)
               not set up for use with LaTeX.

See the LaTeX manual or LaTeX Companion for explanation.
Type  H <return>  for immediate help.
 ...                                              
                                                  
l.5 ... –≤—ã–±—Ä–∞–Ω–Ω–æ–π —Å–µ—Ç–∫–µ –º–µ–Ω—å—à–µ
                                                   –≤–µ—Ä—Ö–Ω–µ–π –≥—Ä–∞–Ω–∏...

You may provide a definition with
\DeclareUnicodeCharacter 


! LaTeX Error: Unicode character –≤ (U+0432)
               not set up for use with LaTeX.

See the LaTeX manual or LaTeX Companion for explanation.
Type  H <return>  for immediate help.
 ...                                              
                                                  
l.5 ...—ã–±—Ä–∞–Ω–Ω–æ–π —Å–µ—Ç–∫–µ –º–µ–Ω—å—à–µ –≤
                                                  –µ—Ä—Ö–Ω–µ–π –≥—Ä–∞–Ω–∏—Ü—...

You may provide a definition with
\DeclareUnicodeCharacter 


! LaTeX Error: Unicode character –µ (U+0435)
               not set up for use with LaTeX.

See the LaTeX manual or LaTeX Companion for explanation.
Type  H <return>  for immediate help.
 ...                                              
                                                  
l.5 ...–±—Ä–∞–Ω–Ω–æ–π —Å–µ—Ç–∫–µ –º–µ–Ω—å—à–µ –≤–µ
                                                  —Ä—Ö–Ω–µ–π –≥—Ä–∞–Ω–∏—Ü—ã ...

You may provide a definition with
\DeclareUnicodeCharacter 


! LaTeX Error: Unicode character —Ä (U+0440)
               not set up for use with LaTeX.

See the LaTeX manual or LaTeX Companion for explanation.
Type  H <return>  for immediate help.
 ...                                              
                                                  
l.5 ...—Ä–∞–Ω–Ω–æ–π —Å–µ—Ç–∫–µ –º–µ–Ω—å—à–µ –≤–µ—Ä
                                                  —Ö–Ω–µ–π –≥—Ä–∞–Ω–∏—Ü—ã —Å...

You may provide a definition with
\DeclareUnicodeCharacter 


! LaTeX Error: Unicode character —Ö (U+0445)
               not set up for use with LaTeX.

See the LaTeX manual or LaTeX Companion for explanation.
Type  H <return>  for immediate help.
 ...                                              
                                                  
l.5 ...–∞–Ω–Ω–æ–π —Å–µ—Ç–∫–µ –º–µ–Ω—å—à–µ –≤–µ—Ä—Ö
                                                  –Ω–µ–π –≥—Ä–∞–Ω–∏—Ü—ã —Å–ø...

You may provide a definition with
\DeclareUnicodeCharacter 


! LaTeX Error: Unicode character –Ω (U+043D)
               not set up for use with LaTeX.

See the LaTeX manual or LaTeX Companion for explanation.
Type  H <return>  for immediate help.
 ...                                              
                                                  
l.5 ...–Ω–Ω–æ–π —Å–µ—Ç–∫–µ –º–µ–Ω—å—à–µ –≤–µ—Ä—Ö–Ω
                                                  –µ–π –≥—Ä–∞–Ω–∏—Ü—ã —Å–ø–µ...

You may provide a definition with
\DeclareUnicodeCharacter 


! LaTeX Error: Unicode character –µ (U+0435)
               not set up for use with LaTeX.

See the LaTeX manual or LaTeX Companion for explanation.
Type  H <return>  for immediate help.
 ...                                              
                                                  
l.5 ...–Ω–æ–π —Å–µ—Ç–∫–µ –º–µ–Ω—å—à–µ –≤–µ—Ä—Ö–Ω–µ
                                                  –π –≥—Ä–∞–Ω–∏—Ü—ã —Å–ø–µ–∫...

You may provide a definition with
\DeclareUnicodeCharacter 


! LaTeX Error: Unicode character –π (U+0439)
               not set up for use with LaTeX.

See the LaTeX manual or LaTeX Companion for explanation.
Type  H <return>  for immediate help.
 ...                                              
                                                  
l.5 ...–æ–π —Å–µ—Ç–∫–µ –º–µ–Ω—å—à–µ –≤–µ—Ä—Ö–Ω–µ–π
                                                   –≥—Ä–∞–Ω–∏—Ü—ã —Å–ø–µ–∫—Ç...

You may provide a definition with
\DeclareUnicodeCharacter 


! LaTeX Error: Unicode character –≥ (U+0433)
               not set up for use with LaTeX.

See the LaTeX manual or LaTeX Companion for explanation.
Type  H <return>  for immediate help.
 ...                                              
                                                  
l.5 ...π —Å–µ—Ç–∫–µ –º–µ–Ω—å—à–µ –≤–µ—Ä—Ö–Ω–µ–π –≥
                                                  —Ä–∞–Ω–∏—Ü—ã —Å–ø–µ–∫—Ç—Ä–...

You may provide a definition with
\DeclareUnicodeCharacter 


! LaTeX Error: Unicode character —Ä (U+0440)
               not set up for use with LaTeX.

See the LaTeX manual or LaTeX Companion for explanation.
Type  H <return>  for immediate help.
 ...                                              
                                                  
l.5 ...—Å–µ—Ç–∫–µ –º–µ–Ω—å—à–µ –≤–µ—Ä—Ö–Ω–µ–π –≥—Ä
                                                  –∞–Ω–∏—Ü—ã —Å–ø–µ–∫—Ç—Ä–∞–...

You may provide a definition with
\DeclareUnicodeCharacter 


! LaTeX Error: Unicode character –∞ (U+0430)
               not set up for use with LaTeX.

See the LaTeX manual or LaTeX Companion for explanation.
Type  H <return>  for immediate help.
 ...                                              
                                                  
l.5 ...–µ—Ç–∫–µ –º–µ–Ω—å—à–µ –≤–µ—Ä—Ö–Ω–µ–π –≥—Ä–∞
                                                  –Ω–∏—Ü—ã —Å–ø–µ–∫—Ç—Ä–∞–ª—...

You may provide a definition with
\DeclareUnicodeCharacter 


! LaTeX Error: Unicode character –Ω (U+043D)
               not set up for use with LaTeX.

See the LaTeX manual or LaTeX Companion for explanation.
Type  H <return>  for immediate help.
 ...                                              
                                                  
l.5 ...—Ç–∫–µ –º–µ–Ω—å—à–µ –≤–µ—Ä—Ö–Ω–µ–π –≥—Ä–∞–Ω
                                                  –∏—Ü—ã —Å–ø–µ–∫—Ç—Ä–∞–ª—å–...

You may provide a definition with
\DeclareUnicodeCharacter 


! LaTeX Error: Unicode character –∏ (U+0438)
               not set up for use with LaTeX.

See the LaTeX manual or LaTeX Companion for explanation.
Type  H <return>  for immediate help.
 ...                                              
                                                  
l.5 ...–∫–µ –º–µ–Ω—å—à–µ –≤–µ—Ä—Ö–Ω–µ–π –≥—Ä–∞–Ω–∏
                                                  —Ü—ã —Å–ø–µ–∫—Ç—Ä–∞–ª—å–Ω–...

You may provide a definition with
\DeclareUnicodeCharacter 


! LaTeX Error: Unicode character —Ü (U+0446)
               not set up for use with LaTeX.

See the LaTeX manual or LaTeX Companion for explanation.
Type  H <return>  for immediate help.
 ...                                              
                                                  
l.5 ...–µ –º–µ–Ω—å—à–µ –≤–µ—Ä—Ö–Ω–µ–π –≥—Ä–∞–Ω–∏—Ü
                                                  —ã —Å–ø–µ–∫—Ç—Ä–∞–ª—å–Ω–æ–...

You may provide a definition with
\DeclareUnicodeCharacter 


! LaTeX Error: Unicode character —ã (U+044B)
               not set up for use with LaTeX.

See the LaTeX manual or LaTeX Companion for explanation.
Type  H <return>  for immediate help.
 ...                                              
                                                  
l.5 ... –º–µ–Ω—å—à–µ –≤–µ—Ä—Ö–Ω–µ–π –≥—Ä–∞–Ω–∏—Ü—ã
                                                   —Å–ø–µ–∫—Ç—Ä–∞–ª—å–Ω–æ–π ...

You may provide a definition with
\DeclareUnicodeCharacter 


! LaTeX Error: Unicode character —Å (U+0441)
               not set up for use with LaTeX.

See the LaTeX manual or LaTeX Companion for explanation.
Type  H <return>  for immediate help.
 ...                                              
                                                  
l.5 ...–µ–Ω—å—à–µ –≤–µ—Ä—Ö–Ω–µ–π –≥—Ä–∞–Ω–∏—Ü—ã —Å
                                                  –ø–µ–∫—Ç—Ä–∞–ª—å–Ω–æ–π –ø–...

You may provide a definition with
\DeclareUnicodeCharacter 


! LaTeX Error: Unicode character –ø (U+043F)
               not set up for use with LaTeX.

See the LaTeX manual or LaTeX Companion for explanation.
Type  H <return>  for immediate help.
 ...                                              
                                                  
l.5 ...–Ω—å—à–µ –≤–µ—Ä—Ö–Ω–µ–π –≥—Ä–∞–Ω–∏—Ü—ã —Å–ø
                                                  –µ–∫—Ç—Ä–∞–ª—å–Ω–æ–π –ø–æ–...

You may provide a definition with
\DeclareUnicodeCharacter 


! LaTeX Error: Unicode character –µ (U+0435)
               not set up for use with LaTeX.

See the LaTeX manual or LaTeX Companion for explanation.
Type  H <return>  for immediate help.
 ...                                              
                                                  
l.5 ...—å—à–µ –≤–µ—Ä—Ö–Ω–µ–π –≥—Ä–∞–Ω–∏—Ü—ã —Å–ø–µ
                                                  –∫—Ç—Ä–∞–ª—å–Ω–æ–π –ø–æ–ª–...

You may provide a definition with
\DeclareUnicodeCharacter 


! LaTeX Error: Unicode character –∫ (U+043A)
               not set up for use with LaTeX.

See the LaTeX manual or LaTeX Companion for explanation.
Type  H <return>  for immediate help.
 ...                                              
                                                  
l.5 ...—à–µ –≤–µ—Ä—Ö–Ω–µ–π –≥—Ä–∞–Ω–∏—Ü—ã —Å–ø–µ–∫
                                                  —Ç—Ä–∞–ª—å–Ω–æ–π –ø–æ–ª–æ—...

You may provide a definition with
\DeclareUnicodeCharacter 


! LaTeX Error: Unicode character —Ç (U+0442)
               not set up for use with LaTeX.

See the LaTeX manual or LaTeX Companion for explanation.
Type  H <return>  for immediate help.
 ...                                              
                                                  
l.5 ...–µ –≤–µ—Ä—Ö–Ω–µ–π –≥—Ä–∞–Ω–∏—Ü—ã —Å–ø–µ–∫—Ç
                                                  —Ä–∞–ª—å–Ω–æ–π –ø–æ–ª–æ—Å—...

You may provide a definition with
\DeclareUnicodeCharacter 


! LaTeX Error: Unicode character —Ä (U+0440)
               not set up for use with LaTeX.

See the LaTeX manual or LaTeX Companion for explanation.
Type  H <return>  for immediate help.
 ...                                              
                                                  
l.5 ... –≤–µ—Ä—Ö–Ω–µ–π –≥—Ä–∞–Ω–∏—Ü—ã —Å–ø–µ–∫—Ç—Ä
                                                  –∞–ª—å–Ω–æ–π –ø–æ–ª–æ—Å—ã ...

You may provide a definition with
\DeclareUnicodeCharacter 


! LaTeX Error: Unicode character –∞ (U+0430)
               not set up for use with LaTeX.

See the LaTeX manual or LaTeX Companion for explanation.
Type  H <return>  for immediate help.
 ...                                              
                                                  
l.5 ...≤–µ—Ä—Ö–Ω–µ–π –≥—Ä–∞–Ω–∏—Ü—ã —Å–ø–µ–∫—Ç—Ä–∞
                                                  –ª—å–Ω–æ–π –ø–æ–ª–æ—Å—ã $ ...

You may provide a definition with
\DeclareUnicodeCharacter 


! LaTeX Error: Unicode character –ª (U+043B)
               not set up for use with LaTeX.

See the LaTeX manual or LaTeX Companion for explanation.
Type  H <return>  for immediate help.
 ...                                              
                                                  
l.5 ...µ—Ä—Ö–Ω–µ–π –≥—Ä–∞–Ω–∏—Ü—ã —Å–ø–µ–∫—Ç—Ä–∞–ª
                                                  —å–Ω–æ–π –ø–æ–ª–æ—Å—ã $ \l...

You may provide a definition with
\DeclareUnicodeCharacter 


! LaTeX Error: Unicode character —å (U+044C)
               not set up for use with LaTeX.

See the LaTeX manual or LaTeX Companion for explanation.
Type  H <return>  for immediate help.
 ...                                              
                                                  
l.5 ...Ä—Ö–Ω–µ–π –≥—Ä–∞–Ω–∏—Ü—ã —Å–ø–µ–∫—Ç—Ä–∞–ª—å
                                                  –Ω–æ–π –ø–æ–ª–æ—Å—ã $ \lam...

You may provide a definition with
\DeclareUnicodeCharacter 


! LaTeX Error: Unicode character –Ω (U+043D)
               not set up for use with LaTeX.

See the LaTeX manual or LaTeX Companion for explanation.
Type  H <return>  for immediate help.
 ...                                              
                                                  
l.5 ...Ö–Ω–µ–π –≥—Ä–∞–Ω–∏—Ü—ã —Å–ø–µ–∫—Ç—Ä–∞–ª—å–Ω
                                                  –æ–π –ø–æ–ª–æ—Å—ã $ \lambd...

You may provide a definition with
\DeclareUnicodeCharacter 


! LaTeX Error: Unicode character –æ (U+043E)
               not set up for use with LaTeX.

See the LaTeX manual or LaTeX Companion for explanation.
Type  H <return>  for immediate help.
 ...                                              
                                                  
l.5 ...Ω–µ–π –≥—Ä–∞–Ω–∏—Ü—ã —Å–ø–µ–∫—Ç—Ä–∞–ª—å–Ω–æ
                                                  –π –ø–æ–ª–æ—Å—ã $ \lambda_...

You may provide a definition with
\DeclareUnicodeCharacter 


! LaTeX Error: Unicode character –π (U+0439)
               not set up for use with LaTeX.

See the LaTeX manual or LaTeX Companion for explanation.
Type  H <return>  for immediate help.
 ...                                              
                                                  
l.5 ...µ–π –≥—Ä–∞–Ω–∏—Ü—ã —Å–ø–µ–∫—Ç—Ä–∞–ª—å–Ω–æ–π
                                                   –ø–æ–ª–æ—Å—ã $ \lambda_{m...

You may provide a definition with
\DeclareUnicodeCharacter 


! LaTeX Error: Unicode character –ø (U+043F)
               not set up for use with LaTeX.

See the LaTeX manual or LaTeX Companion for explanation.
Type  H <return>  for immediate help.
 ...                                              
                                                  
l.5 ... –≥—Ä–∞–Ω–∏—Ü—ã —Å–ø–µ–∫—Ç—Ä–∞–ª—å–Ω–æ–π –ø
                                                  –æ–ª–æ—Å—ã $ \lambda_{max}...

You may provide a definition with
\DeclareUnicodeCharacter 


! LaTeX Error: Unicode character –æ (U+043E)
               not set up for use with LaTeX.

See the LaTeX manual or LaTeX Companion for explanation.
Type  H <return>  for immediate help.
 ...                                              
                                                  
l.5 ...≥—Ä–∞–Ω–∏—Ü—ã —Å–ø–µ–∫—Ç—Ä–∞–ª—å–Ω–æ–π –ø–æ
                                                  –ª–æ—Å—ã $ \lambda_{max}$,...
(That makes 100 errors; please try again.) 
Here is how much of TeX's memory you used:
 49 strings out of 478353
 803 string characters out of 5854635
 295989 words of memory out of 5000000
 18276 multiletter control sequences out of 15000+600000
 403430 words of font info for 27 fonts, out of 8000000 for 9000
 1141 hyphenation exceptions out of 8191
 18i,1n,12p,426b,56s stack positions out of 5000i,500n,10000p,200000b,80000s

!  ==> Fatal error occurred, no output PDF file produced!
